1745647339178355972	pcam-0000000-LL.jpg
1745647347839834402	pcam-0000001-LL.jpg
1745647349972522176	pcam-0000002-LL.jpg
1745647351800248441	pcam-0000003-LL.jpg
1745647353255929764	pcam-0000004-LL.jpg
1745647354565941810	pcam-0000005-LL.jpg
1745647355900631466	pcam-0000006-LL.jpg
1745647357163030266	pcam-0000007-LL.jpg
1745647358340855392	pcam-0000008-LL.jpg
1745647359465718219	pcam-0000009-LL.jpg
1745647360524635695	pcam-0000010-LL.jpg
1745647361542640306	pcam-0000011-LL.jpg
1745647362522187565	pcam-0000012-LL.jpg
1745647363473682907	pcam-0000013-LL.jpg
1745647364425904956	pcam-0000014-LL.jpg
1745647365377678478	pcam-0000015-LL.jpg
1745647366358242171	pcam-0000016-LL.jpg
1745647367267515350	pcam-0000017-LL.jpg
1745647368163548873	pcam-0000018-LL.jpg
1745647369021252681	pcam-0000019-LL.jpg
1745647369906472474	pcam-0000020-LL.jpg
1745647370748028673	pcam-0000021-LL.jpg
1745647371545230643	pcam-0000022-LL.jpg
1745647372407816662	pcam-0000023-LL.jpg
1745647373207992682	pcam-0000024-LL.jpg
1745647373984319581	pcam-0000025-LL.jpg
1745647374740489086	pcam-0000026-LL.jpg
1745647375518959970	pcam-0000027-LL.jpg
1745647376330144765	pcam-0000028-LL.jpg
1745647377071731878	pcam-0000029-LL.jpg
1745647377847645297	pcam-0000030-LL.jpg
1745647378628257347	pcam-0000031-LL.jpg
1745647379419171380	pcam-0000032-LL.jpg
1745647380214050553	pcam-0000033-LL.jpg
1745647381011653784	pcam-0000034-LL.jpg
1745647381824166490	pcam-0000035-LL.jpg
1745647382638038003	pcam-0000036-LL.jpg
1745647383496382209	pcam-0000037-LL.jpg
1745647384282431150	pcam-0000038-LL.jpg
1745647385110835150	pcam-0000039-LL.jpg
1745647385943561765	pcam-0000040-LL.jpg
1745647386784519759	pcam-0000041-LL.jpg
1745647387656955825	pcam-0000042-LL.jpg
1745647388453681679	pcam-0000043-LL.jpg
1745647389292112390	pcam-0000044-LL.jpg
1745647390144930548	pcam-0000045-LL.jpg
1745647391047829302	pcam-0000046-LL.jpg
1745647391906418141	pcam-0000047-LL.jpg
1745647393580093670	pcam-0000048-LL.jpg
1745647394447022756	pcam-0000049-LL.jpg
1745647395306971876	pcam-0000050-LL.jpg
1745647396167807636	pcam-0000051-LL.jpg
1745647397056996681	pcam-0000052-LL.jpg
1745647397882438398	pcam-0000053-LL.jpg
1745647398737527819	pcam-0000054-LL.jpg
1745647399596666652	pcam-0000055-LL.jpg
1745647400459297395	pcam-0000056-LL.jpg
1745647401373989051	pcam-0000057-LL.jpg
1745647402183442038	pcam-0000058-LL.jpg
1745647403044227637	pcam-0000059-LL.jpg
1745647403955126985	pcam-0000060-LL.jpg
1745647404786010980	pcam-0000061-LL.jpg
1745647405608998216	pcam-0000062-LL.jpg
1745647406461611769	pcam-0000063-LL.jpg
1745647407305123305	pcam-0000064-LL.jpg
1745647408148674469	pcam-0000065-LL.jpg
1745647409033580142	pcam-0000066-LL.jpg
1745647409865262981	pcam-0000067-LL.jpg
1745647410681175804	pcam-0000068-LL.jpg
1745647411471597814	pcam-0000069-LL.jpg
1745647412292202554	pcam-0000070-LL.jpg
1745647413105363232	pcam-0000071-LL.jpg
1745647413921236495	pcam-0000072-LL.jpg
1745647414754566498	pcam-0000073-LL.jpg
1745647415582722153	pcam-0000074-LL.jpg
1745647416353024519	pcam-0000075-LL.jpg
1745647417169697214	pcam-0000076-LL.jpg
1745647417984845295	pcam-0000077-LL.jpg
1745647418798928064	pcam-0000078-LL.jpg
1745647419602889755	pcam-0000079-LL.jpg
1745647420410530610	pcam-0000080-LL.jpg
1745647421214339714	pcam-0000081-LL.jpg
1745647422006045157	pcam-0000082-LL.jpg
1745647422792560152	pcam-0000083-LL.jpg
1745647423574124109	pcam-0000084-LL.jpg
1745647424353077638	pcam-0000085-LL.jpg
1745647425134437880	pcam-0000086-LL.jpg
1745647425911178305	pcam-0000087-LL.jpg
1745647426697324204	pcam-0000088-LL.jpg
1745647427487699423	pcam-0000089-LL.jpg
1745647428275861441	pcam-0000090-LL.jpg
1745647429060813863	pcam-0000091-LL.jpg
1745647429839675391	pcam-0000092-LL.jpg
1745647430660750586	pcam-0000093-LL.jpg
1745647431430908062	pcam-0000094-LL.jpg
1745647432227067243	pcam-0000095-LL.jpg
1745647433000444271	pcam-0000096-LL.jpg
1745647433738275560	pcam-0000097-LL.jpg
1745647434505495580	pcam-0000098-LL.jpg
1745647435275919741	pcam-0000099-LL.jpg
1745647436032713840	pcam-0000100-LL.jpg
1745647436786635734	pcam-0000101-LL.jpg
1745647437539284327	pcam-0000102-LL.jpg
1745647438289640861	pcam-0000103-LL.jpg
1745647439044027779	pcam-0000104-LL.jpg
1745647439814715235	pcam-0000105-LL.jpg
1745647440582747259	pcam-0000106-LL.jpg
1745647441348159657	pcam-0000107-LL.jpg
1745647442117019979	pcam-0000108-LL.jpg
1745647442892755881	pcam-0000109-LL.jpg
1745647443673740040	pcam-0000110-LL.jpg
1745647444460887665	pcam-0000111-LL.jpg
1745647445254442849	pcam-0000112-LL.jpg
1745647446081875218	pcam-0000113-LL.jpg
1745647446847902138	pcam-0000114-LL.jpg
1745647447644031788	pcam-0000115-LL.jpg
1745647448431602176	pcam-0000116-LL.jpg
1745647449211525271	pcam-0000117-LL.jpg
1745647450049909685	pcam-0000118-LL.jpg
1745647450827584465	pcam-0000119-LL.jpg
1745647451562937543	pcam-0000120-LL.jpg
1745647452396960864	pcam-0000121-LL.jpg
1745647453136165672	pcam-0000122-LL.jpg
1745647453925123495	pcam-0000123-LL.jpg
1745647454718206950	pcam-0000124-LL.jpg
1745647455568724154	pcam-0000125-LL.jpg
1745647456365027137	pcam-0000126-LL.jpg
1745647457125432176	pcam-0000127-LL.jpg
1745647457919183650	pcam-0000128-LL.jpg
1745647458775237595	pcam-0000129-LL.jpg
1745647459523441879	pcam-0000130-LL.jpg
1745647460325051542	pcam-0000131-LL.jpg
1745647461122572016	pcam-0000132-LL.jpg
1745647461939704365	pcam-0000133-LL.jpg
1745647462708660378	pcam-0000134-LL.jpg
1745647463545271039	pcam-0000135-LL.jpg
1745647464290544944	pcam-0000136-LL.jpg
1745647465118150328	pcam-0000137-LL.jpg
1745647465880110967	pcam-0000138-LL.jpg
1745647466675855996	pcam-0000139-LL.jpg
1745647467481033498	pcam-0000140-LL.jpg
1745647468292559371	pcam-0000141-LL.jpg
1745647469099341817	pcam-0000142-LL.jpg
1745647469915113950	pcam-0000143-LL.jpg
1745647470761392985	pcam-0000144-LL.jpg
1745647471575817096	pcam-0000145-LL.jpg
1745647472368718137	pcam-0000146-LL.jpg
1745647473197952581	pcam-0000147-LL.jpg
1745647474030385147	pcam-0000148-LL.jpg
1745647474874510669	pcam-0000149-LL.jpg
1745647475711385977	pcam-0000150-LL.jpg
1745647476558111591	pcam-0000151-LL.jpg
1745647477405340782	pcam-0000152-LL.jpg
1745647478256674431	pcam-0000153-LL.jpg
1745647479102590076	pcam-0000154-LL.jpg
1745647480002593695	pcam-0000155-LL.jpg
1745647480863958002	pcam-0000156-LL.jpg
1745647481674112800	pcam-0000157-LL.jpg
1745647482548721301	pcam-0000158-LL.jpg
1745647483388715121	pcam-0000159-LL.jpg
1745647484253886853	pcam-0000160-LL.jpg
1745647485134498261	pcam-0000161-LL.jpg
1745647486011293308	pcam-0000162-LL.jpg
1745647486963710670	pcam-0000163-LL.jpg
1745647487823389252	pcam-0000164-LL.jpg
1745647488742530462	pcam-0000165-LL.jpg
1745647489722817461	pcam-0000166-LL.jpg
1745647490605379387	pcam-0000167-LL.jpg
1745647491540643908	pcam-0000168-LL.jpg
1745647492456637867	pcam-0000169-LL.jpg
1745647493360332276	pcam-0000170-LL.jpg
1745647494249625699	pcam-0000171-LL.jpg
1745647495143363816	pcam-0000172-LL.jpg
1745647496035711444	pcam-0000173-LL.jpg
1745647496916186098	pcam-0000174-LL.jpg
1745647497803411912	pcam-0000175-LL.jpg
1745647498686402178	pcam-0000176-LL.jpg
1745647499549943192	pcam-0000177-LL.jpg
1745647500419633254	pcam-0000178-LL.jpg
1745647501277278624	pcam-0000179-LL.jpg
1745647502142547269	pcam-0000180-LL.jpg
1745647503006681606	pcam-0000181-LL.jpg
1745647503875367439	pcam-0000182-LL.jpg
1745647504732044473	pcam-0000183-LL.jpg
1745647505585573574	pcam-0000184-LL.jpg
1745647506430201214	pcam-0000185-LL.jpg
1745647507300199885	pcam-0000186-LL.jpg
1745647508131331970	pcam-0000187-LL.jpg
1745647508921245462	pcam-0000188-LL.jpg
1745647509739040196	pcam-0000189-LL.jpg
1745647510557653873	pcam-0000190-LL.jpg
1745647511429258780	pcam-0000191-LL.jpg
1745647512263760472	pcam-0000192-LL.jpg
1745647513067289703	pcam-0000193-LL.jpg
1745647513939139524	pcam-0000194-LL.jpg
1745647514876007148	pcam-0000195-LL.jpg
1745647515747147218	pcam-0000196-LL.jpg
1745647516692683798	pcam-0000197-LL.jpg
1745647517660225608	pcam-0000198-LL.jpg
1745647518652680515	pcam-0000199-LL.jpg
1745647519717986405	pcam-0000200-LL.jpg
1745647520732289112	pcam-0000201-LL.jpg
1745647521828309131	pcam-0000202-LL.jpg
1745647523012177993	pcam-0000203-LL.jpg
1745647524574354679	pcam-0000204-LL.jpg
1745647526866944354	pcam-0000205-LL.jpg
