1745647339180300878	pcam-0000000-LR.jpg
1745647347832332989	pcam-0000001-LR.jpg
1745647349966162633	pcam-0000002-LR.jpg
1745647351761021834	pcam-0000003-LR.jpg
1745647353278097182	pcam-0000004-LR.jpg
1745647354562662069	pcam-0000005-LR.jpg
1745647355894122476	pcam-0000006-LR.jpg
1745647357161268440	pcam-0000007-LR.jpg
1745647358340066279	pcam-0000008-LR.jpg
1745647359460532329	pcam-0000009-LR.jpg
1745647360519286856	pcam-0000010-LR.jpg
1745647361539535873	pcam-0000011-LR.jpg
1745647362516711995	pcam-0000012-LR.jpg
1745647363520105743	pcam-0000013-LR.jpg
1745647364472575903	pcam-0000014-LR.jpg
1745647365426231525	pcam-0000015-LR.jpg
1745647366315492277	pcam-0000016-LR.jpg
1745647367232688063	pcam-0000017-LR.jpg
1745647368125698938	pcam-0000018-LR.jpg
1745647369013057551	pcam-0000019-LR.jpg
1745647369864640831	pcam-0000020-LR.jpg
1745647370707242353	pcam-0000021-LR.jpg
1745647371536542954	pcam-0000022-LR.jpg
1745647372408559975	pcam-0000023-LR.jpg
1745647373210780028	pcam-0000024-LR.jpg
1745647373982239107	pcam-0000025-LR.jpg
1745647374732275245	pcam-0000026-LR.jpg
1745647375509695332	pcam-0000027-LR.jpg
1745647376287968713	pcam-0000028-LR.jpg
1745647377067031939	pcam-0000029-LR.jpg
1745647377842026684	pcam-0000030-LR.jpg
1745647378658362394	pcam-0000031-LR.jpg
1745647379413585864	pcam-0000032-LR.jpg
1745647380208484413	pcam-0000033-LR.jpg
1745647381003131630	pcam-0000034-LR.jpg
1745647381853946288	pcam-0000035-LR.jpg
1745647382634614324	pcam-0000036-LR.jpg
1745647383455314334	pcam-0000037-LR.jpg
1745647384273880723	pcam-0000038-LR.jpg
1745647385150887733	pcam-0000039-LR.jpg
1745647385990400340	pcam-0000040-LR.jpg
1745647386825263966	pcam-0000041-LR.jpg
1745647387610693587	pcam-0000042-LR.jpg
1745647388472126508	pcam-0000043-LR.jpg
1745647389286588416	pcam-0000044-LR.jpg
1745647390137719987	pcam-0000045-LR.jpg
1745647390993812566	pcam-0000046-LR.jpg
1745647391852468646	pcam-0000047-LR.jpg
1745647393609141266	pcam-0000048-LR.jpg
1745647394447411965	pcam-0000049-LR.jpg
1745647395304939801	pcam-0000050-LR.jpg
1745647396211331570	pcam-0000051-LR.jpg
1745647397021325253	pcam-0000052-LR.jpg
1745647397878811790	pcam-0000053-LR.jpg
1745647398743010024	pcam-0000054-LR.jpg
1745647399598148968	pcam-0000055-LR.jpg
1745647400459846700	pcam-0000056-LR.jpg
1745647401375986116	pcam-0000057-LR.jpg
1745647402182967218	pcam-0000058-LR.jpg
1745647403041274013	pcam-0000059-LR.jpg
1745647403957023258	pcam-0000060-LR.jpg
1745647404785803705	pcam-0000061-LR.jpg
1745647405602275121	pcam-0000062-LR.jpg
1745647406455912406	pcam-0000063-LR.jpg
1745647407297146605	pcam-0000064-LR.jpg
1745647408141394806	pcam-0000065-LR.jpg
1745647408983288277	pcam-0000066-LR.jpg
1745647409817589176	pcam-0000067-LR.jpg
1745647410639815036	pcam-0000068-LR.jpg
1745647411464534499	pcam-0000069-LR.jpg
1745647412286173219	pcam-0000070-LR.jpg
1745647413097016660	pcam-0000071-LR.jpg
1745647413913669113	pcam-0000072-LR.jpg
1745647414727890600	pcam-0000073-LR.jpg
1745647415540369233	pcam-0000074-LR.jpg
1745647416350815067	pcam-0000075-LR.jpg
1745647417161969920	pcam-0000076-LR.jpg
1745647417977223493	pcam-0000077-LR.jpg
1745647418792728958	pcam-0000078-LR.jpg
1745647419599499164	pcam-0000079-LR.jpg
1745647420406278167	pcam-0000080-LR.jpg
1745647421208880519	pcam-0000081-LR.jpg
1745647422002580588	pcam-0000082-LR.jpg
1745647422787968560	pcam-0000083-LR.jpg
1745647423569640584	pcam-0000084-LR.jpg
1745647424350532057	pcam-0000085-LR.jpg
1745647425145945682	pcam-0000086-LR.jpg
1745647425903750286	pcam-0000087-LR.jpg
1745647426692961551	pcam-0000088-LR.jpg
1745647427482496457	pcam-0000089-LR.jpg
1745647428269140744	pcam-0000090-LR.jpg
1745647429052331380	pcam-0000091-LR.jpg
1745647429834981187	pcam-0000092-LR.jpg
1745647430620236842	pcam-0000093-LR.jpg
1745647431404648211	pcam-0000094-LR.jpg
1745647432189990740	pcam-0000095-LR.jpg
1745647432959616095	pcam-0000096-LR.jpg
1745647433734025859	pcam-0000097-LR.jpg
1745647434500029066	pcam-0000098-LR.jpg
1745647435264720416	pcam-0000099-LR.jpg
1745647436026993598	pcam-0000100-LR.jpg
1745647436778413283	pcam-0000101-LR.jpg
1745647437532372156	pcam-0000102-LR.jpg
1745647438321731008	pcam-0000103-LR.jpg
1745647439073019151	pcam-0000104-LR.jpg
1745647439803835370	pcam-0000105-LR.jpg
1745647440614164072	pcam-0000106-LR.jpg
1745647441374985707	pcam-0000107-LR.jpg
1745647442120115424	pcam-0000108-LR.jpg
1745647442884051601	pcam-0000109-LR.jpg
1745647443668113192	pcam-0000110-LR.jpg
1745647444452123402	pcam-0000111-LR.jpg
1745647445246784301	pcam-0000112-LR.jpg
1745647446040783079	pcam-0000113-LR.jpg
1745647446887292222	pcam-0000114-LR.jpg
1745647447674853521	pcam-0000115-LR.jpg
1745647448422399280	pcam-0000116-LR.jpg
1745647449201215419	pcam-0000117-LR.jpg
1745647449988095222	pcam-0000118-LR.jpg
1745647450772356163	pcam-0000119-LR.jpg
1745647451554686065	pcam-0000120-LR.jpg
1745647452338069548	pcam-0000121-LR.jpg
1745647453131761645	pcam-0000122-LR.jpg
1745647453922889474	pcam-0000123-LR.jpg
1745647454712216213	pcam-0000124-LR.jpg
1745647455510785863	pcam-0000125-LR.jpg
1745647456337344305	pcam-0000126-LR.jpg
1745647457119550341	pcam-0000127-LR.jpg
1745647457911914320	pcam-0000128-LR.jpg
1745647458718833286	pcam-0000129-LR.jpg
1745647459542153665	pcam-0000130-LR.jpg
1745647460319064985	pcam-0000131-LR.jpg
1745647461158985858	pcam-0000132-LR.jpg
1745647461909302025	pcam-0000133-LR.jpg
1745647462706546210	pcam-0000134-LR.jpg
1745647463496542034	pcam-0000135-LR.jpg
1745647464285559597	pcam-0000136-LR.jpg
1745647465082003219	pcam-0000137-LR.jpg
1745647465880850481	pcam-0000138-LR.jpg
1745647466674719400	pcam-0000139-LR.jpg
1745647467507955738	pcam-0000140-LR.jpg
1745647468321281361	pcam-0000141-LR.jpg
1745647469094197668	pcam-0000142-LR.jpg
1745647469908380779	pcam-0000143-LR.jpg
1745647470719740289	pcam-0000144-LR.jpg
1745647471538071691	pcam-0000145-LR.jpg
1745647472378619550	pcam-0000146-LR.jpg
1745647473194166045	pcam-0000147-LR.jpg
1745647474038254039	pcam-0000148-LR.jpg
1745647474865347919	pcam-0000149-LR.jpg
1745647475702880938	pcam-0000150-LR.jpg
1745647476554530062	pcam-0000151-LR.jpg
1745647477424162997	pcam-0000152-LR.jpg
1745647478249355156	pcam-0000153-LR.jpg
1745647479121548396	pcam-0000154-LR.jpg
1745647479951091185	pcam-0000155-LR.jpg
1745647480834196102	pcam-0000156-LR.jpg
1745647481692672514	pcam-0000157-LR.jpg
1745647482524676494	pcam-0000158-LR.jpg
1745647483380978278	pcam-0000159-LR.jpg
1745647484246351420	pcam-0000160-LR.jpg
1745647485124719600	pcam-0000161-LR.jpg
1745647486042994096	pcam-0000162-LR.jpg
1745647486943335916	pcam-0000163-LR.jpg
1745647487817344302	pcam-0000164-LR.jpg
1745647488738832388	pcam-0000165-LR.jpg
1745647489724352247	pcam-0000166-LR.jpg
1745647490650796367	pcam-0000167-LR.jpg
1745647491541554983	pcam-0000168-LR.jpg
1745647492450833714	pcam-0000169-LR.jpg
1745647493350477514	pcam-0000170-LR.jpg
1745647494243015964	pcam-0000171-LR.jpg
1745647495134859486	pcam-0000172-LR.jpg
1745647496031554329	pcam-0000173-LR.jpg
1745647496914436055	pcam-0000174-LR.jpg
1745647497823185672	pcam-0000175-LR.jpg
1745647498673866456	pcam-0000176-LR.jpg
1745647499543191189	pcam-0000177-LR.jpg
1745647500414409661	pcam-0000178-LR.jpg
1745647501310609443	pcam-0000179-LR.jpg
1745647502139409620	pcam-0000180-LR.jpg
1745647503053210124	pcam-0000181-LR.jpg
1745647503899891405	pcam-0000182-LR.jpg
1745647504761886184	pcam-0000183-LR.jpg
1745647505609201120	pcam-0000184-LR.jpg
1745647506426509474	pcam-0000185-LR.jpg
1745647507260709522	pcam-0000186-LR.jpg
1745647508089542860	pcam-0000187-LR.jpg
1745647508917287823	pcam-0000188-LR.jpg
1745647509734882147	pcam-0000189-LR.jpg
1745647510552367399	pcam-0000190-LR.jpg
1745647511374329162	pcam-0000191-LR.jpg
1745647512210186334	pcam-0000192-LR.jpg
1745647513055563563	pcam-0000193-LR.jpg
1745647513925736696	pcam-0000194-LR.jpg
1745647514829980838	pcam-0000195-LR.jpg
1745647515738669135	pcam-0000196-LR.jpg
1745647516682773978	pcam-0000197-LR.jpg
1745647517652836628	pcam-0000198-LR.jpg
1745647518651285990	pcam-0000199-LR.jpg
1745647519675046530	pcam-0000200-LR.jpg
1745647520726243091	pcam-0000201-LR.jpg
1745647521819014845	pcam-0000202-LR.jpg
1745647523007766599	pcam-0000203-LR.jpg
1745647524569852299	pcam-0000204-LR.jpg
1745647526857635395	pcam-0000205-LR.jpg
