[2025-04-26 11:32:17.542] [info] ====================###########################====================
[2025-04-26 11:32:17.542] [info] Logging camera to /mnt/merged_disk/GURUGRAM-DWARKA_2025-04-26_11-12-13/SECTION-1/pcams/LRCam.log
[2025-04-26 11:32:18.990] [info] ----- TRIGGER NO. 0 true
[2025-04-26 11:32:19.076] [debug] Frame ID: 0Status: Complete Size:2464x2056 Format:2180014
[2025-04-26 11:32:19.076] [info] copyBufferToThreadData cId LR bw 2464 bh 2056
[2025-04-26 11:32:19.180] [debug] Saved file /mnt/merged_disk/GURUGRAM-DWARKA_2025-04-26_11-12-13/SECTION-1/pcams/pcam-0000000-LR.jpg
[2025-04-26 11:32:19.240] [debug] captureImage 0 Success. 0 Success. true
[2025-04-26 11:32:27.655] [info] ----- TRIGGER NO. 1 true
[2025-04-26 11:32:27.740] [debug] Frame ID: 0Status: Complete Size:2464x2056 Format:2180014
[2025-04-26 11:32:27.740] [info] copyBufferToThreadData cId LR bw 2464 bh 2056
[2025-04-26 11:32:27.832] [debug] Saved file /mnt/merged_disk/GURUGRAM-DWARKA_2025-04-26_11-12-13/SECTION-1/pcams/pcam-0000001-LR.jpg
[2025-04-26 11:32:27.904] [debug] captureImage 0 Success. 0 Success. true
[2025-04-26 11:32:29.787] [info] ----- TRIGGER NO. 2 true
[2025-04-26 11:32:29.873] [debug] Frame ID: 0Status: Complete Size:2464x2056 Format:2180014
[2025-04-26 11:32:29.873] [info] copyBufferToThreadData cId LR bw 2464 bh 2056
[2025-04-26 11:32:29.966] [debug] Saved file /mnt/merged_disk/GURUGRAM-DWARKA_2025-04-26_11-12-13/SECTION-1/pcams/pcam-0000002-LR.jpg
[2025-04-26 11:32:30.038] [debug] captureImage 0 Success. 0 Success. true
[2025-04-26 11:32:31.586] [info] ----- TRIGGER NO. 3 true
[2025-04-26 11:32:31.670] [debug] Frame ID: 0Status: Complete Size:2464x2056 Format:2180014
[2025-04-26 11:32:31.670] [info] copyBufferToThreadData cId LR bw 2464 bh 2056
[2025-04-26 11:32:31.761] [debug] Saved file /mnt/merged_disk/GURUGRAM-DWARKA_2025-04-26_11-12-13/SECTION-1/pcams/pcam-0000003-LR.jpg
[2025-04-26 11:32:31.833] [debug] captureImage 0 Success. 0 Success. true
[2025-04-26 11:32:33.073] [info] ----- TRIGGER NO. 4 true
[2025-04-26 11:32:33.161] [debug] Frame ID: 0Status: Complete Size:2464x2056 Format:2180014
[2025-04-26 11:32:33.161] [info] copyBufferToThreadData cId LR bw 2464 bh 2056
[2025-04-26 11:32:33.278] [debug] Saved file /mnt/merged_disk/GURUGRAM-DWARKA_2025-04-26_11-12-13/SECTION-1/pcams/pcam-0000004-LR.jpg
[2025-04-26 11:32:33.325] [debug] captureImage 0 Success. 0 Success. true
[2025-04-26 11:32:34.383] [info] ----- TRIGGER NO. 5 true
[2025-04-26 11:32:34.470] [debug] Frame ID: 0Status: Complete Size:2464x2056 Format:2180014
[2025-04-26 11:32:34.470] [info] copyBufferToThreadData cId LR bw 2464 bh 2056
[2025-04-26 11:32:34.562] [debug] Saved file /mnt/merged_disk/GURUGRAM-DWARKA_2025-04-26_11-12-13/SECTION-1/pcams/pcam-0000005-LR.jpg
[2025-04-26 11:32:34.636] [debug] captureImage 0 Success. 0 Success. true
[2025-04-26 11:32:35.711] [info] ----- TRIGGER NO. 6 true
[2025-04-26 11:32:35.800] [debug] Frame ID: 0Status: Complete Size:2464x2056 Format:2180014
[2025-04-26 11:32:35.800] [info] copyBufferToThreadData cId LR bw 2464 bh 2056
[2025-04-26 11:32:35.894] [debug] Saved file /mnt/merged_disk/GURUGRAM-DWARKA_2025-04-26_11-12-13/SECTION-1/pcams/pcam-0000006-LR.jpg
[2025-04-26 11:32:35.964] [debug] captureImage 0 Success. 0 Success. true
[2025-04-26 11:32:36.978] [info] ----- TRIGGER NO. 7 true
[2025-04-26 11:32:37.064] [debug] Frame ID: 0Status: Complete Size:2464x2056 Format:2180014
[2025-04-26 11:32:37.064] [info] copyBufferToThreadData cId LR bw 2464 bh 2056
[2025-04-26 11:32:37.161] [debug] Saved file /mnt/merged_disk/GURUGRAM-DWARKA_2025-04-26_11-12-13/SECTION-1/pcams/pcam-0000007-LR.jpg
[2025-04-26 11:32:37.228] [debug] captureImage 0 Success. 0 Success. true
[2025-04-26 11:32:38.160] [info] ----- TRIGGER NO. 8 true
[2025-04-26 11:32:38.247] [debug] Frame ID: 0Status: Complete Size:2464x2056 Format:2180014
[2025-04-26 11:32:38.247] [info] copyBufferToThreadData cId LR bw 2464 bh 2056
[2025-04-26 11:32:38.340] [debug] Saved file /mnt/merged_disk/GURUGRAM-DWARKA_2025-04-26_11-12-13/SECTION-1/pcams/pcam-0000008-LR.jpg
[2025-04-26 11:32:38.411] [debug] captureImage 0 Success. 0 Success. true
[2025-04-26 11:32:39.279] [info] ----- TRIGGER NO. 9 true
[2025-04-26 11:32:39.366] [debug] Frame ID: 0Status: Complete Size:2464x2056 Format:2180014
[2025-04-26 11:32:39.366] [info] copyBufferToThreadData cId LR bw 2464 bh 2056
[2025-04-26 11:32:39.460] [debug] Saved file /mnt/merged_disk/GURUGRAM-DWARKA_2025-04-26_11-12-13/SECTION-1/pcams/pcam-0000009-LR.jpg
[2025-04-26 11:32:39.531] [debug] captureImage 0 Success. 0 Success. true
[2025-04-26 11:32:40.341] [info] ----- TRIGGER NO. 10 true
[2025-04-26 11:32:40.426] [debug] Frame ID: 0Status: Complete Size:2464x2056 Format:2180014
[2025-04-26 11:32:40.426] [info] copyBufferToThreadData cId LR bw 2464 bh 2056
[2025-04-26 11:32:40.519] [debug] Saved file /mnt/merged_disk/GURUGRAM-DWARKA_2025-04-26_11-12-13/SECTION-1/pcams/pcam-0000010-LR.jpg
[2025-04-26 11:32:40.590] [debug] captureImage 0 Success. 0 Success. true
[2025-04-26 11:32:41.361] [info] ----- TRIGGER NO. 11 true
[2025-04-26 11:32:41.447] [debug] Frame ID: 0Status: Complete Size:2464x2056 Format:2180014
[2025-04-26 11:32:41.447] [info] copyBufferToThreadData cId LR bw 2464 bh 2056
[2025-04-26 11:32:41.539] [debug] Saved file /mnt/merged_disk/GURUGRAM-DWARKA_2025-04-26_11-12-13/SECTION-1/pcams/pcam-0000011-LR.jpg
[2025-04-26 11:32:41.611] [debug] captureImage 0 Success. 0 Success. true
[2025-04-26 11:32:42.343] [info] ----- TRIGGER NO. 12 true
[2025-04-26 11:32:42.427] [debug] Frame ID: 0Status: Complete Size:2464x2056 Format:2180014
[2025-04-26 11:32:42.427] [info] copyBufferToThreadData cId LR bw 2464 bh 2056
[2025-04-26 11:32:42.516] [debug] Saved file /mnt/merged_disk/GURUGRAM-DWARKA_2025-04-26_11-12-13/SECTION-1/pcams/pcam-0000012-LR.jpg
[2025-04-26 11:32:42.591] [debug] captureImage 0 Success. 0 Success. true
[2025-04-26 11:32:43.292] [info] ----- TRIGGER NO. 13 true
[2025-04-26 11:32:43.378] [debug] Frame ID: 0Status: Complete Size:2464x2056 Format:2180014
[2025-04-26 11:32:43.378] [info] copyBufferToThreadData cId LR bw 2464 bh 2056
[2025-04-26 11:32:43.520] [debug] Saved file /mnt/merged_disk/GURUGRAM-DWARKA_2025-04-26_11-12-13/SECTION-1/pcams/pcam-0000013-LR.jpg
[2025-04-26 11:32:43.543] [debug] captureImage 0 Success. 0 Success. true
[2025-04-26 11:32:44.244] [info] ----- TRIGGER NO. 14 true
[2025-04-26 11:32:44.328] [debug] Frame ID: 0Status: Complete Size:2464x2056 Format:2180014
[2025-04-26 11:32:44.328] [info] copyBufferToThreadData cId LR bw 2464 bh 2056
[2025-04-26 11:32:44.472] [debug] Saved file /mnt/merged_disk/GURUGRAM-DWARKA_2025-04-26_11-12-13/SECTION-1/pcams/pcam-0000014-LR.jpg
[2025-04-26 11:32:44.493] [debug] captureImage 0 Success. 0 Success. true
[2025-04-26 11:32:45.197] [info] ----- TRIGGER NO. 15 true
[2025-04-26 11:32:45.283] [debug] Frame ID: 0Status: Complete Size:2464x2056 Format:2180014
[2025-04-26 11:32:45.283] [info] copyBufferToThreadData cId LR bw 2464 bh 2056
[2025-04-26 11:32:45.426] [debug] Saved file /mnt/merged_disk/GURUGRAM-DWARKA_2025-04-26_11-12-13/SECTION-1/pcams/pcam-0000015-LR.jpg
[2025-04-26 11:32:45.449] [debug] captureImage 0 Success. 0 Success. true
[2025-04-26 11:32:46.136] [info] ----- TRIGGER NO. 16 true
[2025-04-26 11:32:46.223] [debug] Frame ID: 0Status: Complete Size:2464x2056 Format:2180014
[2025-04-26 11:32:46.224] [info] copyBufferToThreadData cId LR bw 2464 bh 2056
[2025-04-26 11:32:46.315] [debug] Saved file /mnt/merged_disk/GURUGRAM-DWARKA_2025-04-26_11-12-13/SECTION-1/pcams/pcam-0000016-LR.jpg
[2025-04-26 11:32:46.388] [debug] captureImage 0 Success. 0 Success. true
[2025-04-26 11:32:47.055] [info] ----- TRIGGER NO. 17 true
[2025-04-26 11:32:47.141] [debug] Frame ID: 0Status: Complete Size:2464x2056 Format:2180014
[2025-04-26 11:32:47.141] [info] copyBufferToThreadData cId LR bw 2464 bh 2056
[2025-04-26 11:32:47.232] [debug] Saved file /mnt/merged_disk/GURUGRAM-DWARKA_2025-04-26_11-12-13/SECTION-1/pcams/pcam-0000017-LR.jpg
[2025-04-26 11:32:47.307] [debug] captureImage 0 Success. 0 Success. true
[2025-04-26 11:32:47.953] [info] ----- TRIGGER NO. 18 true
[2025-04-26 11:32:48.037] [debug] Frame ID: 0Status: Complete Size:2464x2056 Format:2180014
[2025-04-26 11:32:48.037] [info] copyBufferToThreadData cId LR bw 2464 bh 2056
[2025-04-26 11:32:48.125] [debug] Saved file /mnt/merged_disk/GURUGRAM-DWARKA_2025-04-26_11-12-13/SECTION-1/pcams/pcam-0000018-LR.jpg
[2025-04-26 11:32:48.202] [debug] captureImage 0 Success. 0 Success. true
[2025-04-26 11:32:48.830] [info] ----- TRIGGER NO. 19 true
[2025-04-26 11:32:48.916] [debug] Frame ID: 0Status: Complete Size:2464x2056 Format:2180014
[2025-04-26 11:32:48.916] [info] copyBufferToThreadData cId LR bw 2464 bh 2056
[2025-04-26 11:32:49.013] [debug] Saved file /mnt/merged_disk/GURUGRAM-DWARKA_2025-04-26_11-12-13/SECTION-1/pcams/pcam-0000019-LR.jpg
[2025-04-26 11:32:49.080] [debug] captureImage 0 Success. 0 Success. true
[2025-04-26 11:32:49.689] [info] ----- TRIGGER NO. 20 true
[2025-04-26 11:32:49.773] [debug] Frame ID: 0Status: Complete Size:2464x2056 Format:2180014
[2025-04-26 11:32:49.773] [info] copyBufferToThreadData cId LR bw 2464 bh 2056
[2025-04-26 11:32:49.864] [debug] Saved file /mnt/merged_disk/GURUGRAM-DWARKA_2025-04-26_11-12-13/SECTION-1/pcams/pcam-0000020-LR.jpg
[2025-04-26 11:32:49.942] [debug] captureImage 0 Success. 0 Success. true
[2025-04-26 11:32:50.531] [info] ----- TRIGGER NO. 21 true
[2025-04-26 11:32:50.618] [debug] Frame ID: 0Status: Complete Size:2464x2056 Format:2180014
[2025-04-26 11:32:50.618] [info] copyBufferToThreadData cId LR bw 2464 bh 2056
[2025-04-26 11:32:50.707] [debug] Saved file /mnt/merged_disk/GURUGRAM-DWARKA_2025-04-26_11-12-13/SECTION-1/pcams/pcam-0000021-LR.jpg
[2025-04-26 11:32:50.783] [debug] captureImage 0 Success. 0 Success. true
[2025-04-26 11:32:51.360] [info] ----- TRIGGER NO. 22 true
[2025-04-26 11:32:51.446] [debug] Frame ID: 0Status: Complete Size:2464x2056 Format:2180014
[2025-04-26 11:32:51.446] [info] copyBufferToThreadData cId LR bw 2464 bh 2056
[2025-04-26 11:32:51.536] [debug] Saved file /mnt/merged_disk/GURUGRAM-DWARKA_2025-04-26_11-12-13/SECTION-1/pcams/pcam-0000022-LR.jpg
[2025-04-26 11:32:51.611] [debug] captureImage 0 Success. 0 Success. true
[2025-04-26 11:32:52.175] [info] ----- TRIGGER NO. 23 true
[2025-04-26 11:32:52.260] [debug] Frame ID: 0Status: Complete Size:2464x2056 Format:2180014
[2025-04-26 11:32:52.260] [info] copyBufferToThreadData cId LR bw 2464 bh 2056
[2025-04-26 11:32:52.408] [debug] Saved file /mnt/merged_disk/GURUGRAM-DWARKA_2025-04-26_11-12-13/SECTION-1/pcams/pcam-0000023-LR.jpg
[2025-04-26 11:32:52.424] [debug] captureImage 0 Success. 0 Success. true
[2025-04-26 11:32:52.978] [info] ----- TRIGGER NO. 24 true
[2025-04-26 11:32:53.064] [debug] Frame ID: 0Status: Complete Size:2464x2056 Format:2180014
[2025-04-26 11:32:53.065] [info] copyBufferToThreadData cId LR bw 2464 bh 2056
[2025-04-26 11:32:53.210] [debug] Saved file /mnt/merged_disk/GURUGRAM-DWARKA_2025-04-26_11-12-13/SECTION-1/pcams/pcam-0000024-LR.jpg
[2025-04-26 11:32:53.230] [debug] captureImage 0 Success. 0 Success. true
[2025-04-26 11:32:53.770] [info] ----- TRIGGER NO. 25 true
[2025-04-26 11:32:53.858] [debug] Frame ID: 0Status: Complete Size:2464x2056 Format:2180014
[2025-04-26 11:32:53.858] [info] copyBufferToThreadData cId LR bw 2464 bh 2056
[2025-04-26 11:32:53.982] [debug] Saved file /mnt/merged_disk/GURUGRAM-DWARKA_2025-04-26_11-12-13/SECTION-1/pcams/pcam-0000025-LR.jpg
[2025-04-26 11:32:54.023] [debug] captureImage 0 Success. 0 Success. true
[2025-04-26 11:32:54.553] [info] ----- TRIGGER NO. 26 true
[2025-04-26 11:32:54.639] [debug] Frame ID: 0Status: Complete Size:2464x2056 Format:2180014
[2025-04-26 11:32:54.639] [info] copyBufferToThreadData cId LR bw 2464 bh 2056
[2025-04-26 11:32:54.732] [debug] Saved file /mnt/merged_disk/GURUGRAM-DWARKA_2025-04-26_11-12-13/SECTION-1/pcams/pcam-0000026-LR.jpg
[2025-04-26 11:32:54.804] [debug] captureImage 0 Success. 0 Success. true
[2025-04-26 11:32:55.332] [info] ----- TRIGGER NO. 27 true
[2025-04-26 11:32:55.417] [debug] Frame ID: 0Status: Complete Size:2464x2056 Format:2180014
[2025-04-26 11:32:55.417] [info] copyBufferToThreadData cId LR bw 2464 bh 2056
[2025-04-26 11:32:55.509] [debug] Saved file /mnt/merged_disk/GURUGRAM-DWARKA_2025-04-26_11-12-13/SECTION-1/pcams/pcam-0000027-LR.jpg
[2025-04-26 11:32:55.582] [debug] captureImage 0 Success. 0 Success. true
[2025-04-26 11:32:56.111] [info] ----- TRIGGER NO. 28 true
[2025-04-26 11:32:56.196] [debug] Frame ID: 0Status: Complete Size:2464x2056 Format:2180014
[2025-04-26 11:32:56.196] [info] copyBufferToThreadData cId LR bw 2464 bh 2056
[2025-04-26 11:32:56.287] [debug] Saved file /mnt/merged_disk/GURUGRAM-DWARKA_2025-04-26_11-12-13/SECTION-1/pcams/pcam-0000028-LR.jpg
[2025-04-26 11:32:56.360] [debug] captureImage 0 Success. 0 Success. true
[2025-04-26 11:32:56.888] [info] ----- TRIGGER NO. 29 true
[2025-04-26 11:32:56.972] [debug] Frame ID: 0Status: Complete Size:2464x2056 Format:2180014
[2025-04-26 11:32:56.972] [info] copyBufferToThreadData cId LR bw 2464 bh 2056
[2025-04-26 11:32:57.067] [debug] Saved file /mnt/merged_disk/GURUGRAM-DWARKA_2025-04-26_11-12-13/SECTION-1/pcams/pcam-0000029-LR.jpg
[2025-04-26 11:32:57.136] [debug] captureImage 0 Success. 0 Success. true
[2025-04-26 11:32:57.664] [info] ----- TRIGGER NO. 30 true
[2025-04-26 11:32:57.749] [debug] Frame ID: 0Status: Complete Size:2464x2056 Format:2180014
[2025-04-26 11:32:57.749] [info] copyBufferToThreadData cId LR bw 2464 bh 2056
[2025-04-26 11:32:57.842] [debug] Saved file /mnt/merged_disk/GURUGRAM-DWARKA_2025-04-26_11-12-13/SECTION-1/pcams/pcam-0000030-LR.jpg
[2025-04-26 11:32:57.914] [debug] captureImage 0 Success. 0 Success. true
[2025-04-26 11:32:58.446] [info] ----- TRIGGER NO. 31 true
[2025-04-26 11:32:58.532] [debug] Frame ID: 0Status: Complete Size:2464x2056 Format:2180014
[2025-04-26 11:32:58.532] [info] copyBufferToThreadData cId LR bw 2464 bh 2056
[2025-04-26 11:32:58.658] [debug] Saved file /mnt/merged_disk/GURUGRAM-DWARKA_2025-04-26_11-12-13/SECTION-1/pcams/pcam-0000031-LR.jpg
[2025-04-26 11:32:58.697] [debug] captureImage 0 Success. 0 Success. true
[2025-04-26 11:32:59.235] [info] ----- TRIGGER NO. 32 true
[2025-04-26 11:32:59.323] [debug] Frame ID: 0Status: Complete Size:2464x2056 Format:2180014
[2025-04-26 11:32:59.323] [info] copyBufferToThreadData cId LR bw 2464 bh 2056
[2025-04-26 11:32:59.413] [debug] Saved file /mnt/merged_disk/GURUGRAM-DWARKA_2025-04-26_11-12-13/SECTION-1/pcams/pcam-0000032-LR.jpg
[2025-04-26 11:32:59.488] [debug] captureImage 0 Success. 0 Success. true
[2025-04-26 11:33:00.030] [info] ----- TRIGGER NO. 33 true
[2025-04-26 11:33:00.118] [debug] Frame ID: 0Status: Complete Size:2464x2056 Format:2180014
[2025-04-26 11:33:00.118] [info] copyBufferToThreadData cId LR bw 2464 bh 2056
[2025-04-26 11:33:00.208] [debug] Saved file /mnt/merged_disk/GURUGRAM-DWARKA_2025-04-26_11-12-13/SECTION-1/pcams/pcam-0000033-LR.jpg
[2025-04-26 11:33:00.284] [debug] captureImage 0 Success. 0 Success. true
[2025-04-26 11:33:00.832] [info] ----- TRIGGER NO. 34 true
[2025-04-26 11:33:00.916] [debug] Frame ID: 0Status: Complete Size:2464x2056 Format:2180014
[2025-04-26 11:33:00.916] [info] copyBufferToThreadData cId LR bw 2464 bh 2056
[2025-04-26 11:33:01.003] [debug] Saved file /mnt/merged_disk/GURUGRAM-DWARKA_2025-04-26_11-12-13/SECTION-1/pcams/pcam-0000034-LR.jpg
[2025-04-26 11:33:01.080] [debug] captureImage 0 Success. 0 Success. true
[2025-04-26 11:33:01.642] [info] ----- TRIGGER NO. 35 true
[2025-04-26 11:33:01.730] [debug] Frame ID: 0Status: Complete Size:2464x2056 Format:2180014
[2025-04-26 11:33:01.730] [info] copyBufferToThreadData cId LR bw 2464 bh 2056
[2025-04-26 11:33:01.853] [debug] Saved file /mnt/merged_disk/GURUGRAM-DWARKA_2025-04-26_11-12-13/SECTION-1/pcams/pcam-0000035-LR.jpg
[2025-04-26 11:33:01.895] [debug] captureImage 0 Success. 0 Success. true
[2025-04-26 11:33:02.458] [info] ----- TRIGGER NO. 36 true
[2025-04-26 11:33:02.541] [debug] Frame ID: 0Status: Complete Size:2464x2056 Format:2180014
[2025-04-26 11:33:02.541] [info] copyBufferToThreadData cId LR bw 2464 bh 2056
[2025-04-26 11:33:02.634] [debug] Saved file /mnt/merged_disk/GURUGRAM-DWARKA_2025-04-26_11-12-13/SECTION-1/pcams/pcam-0000036-LR.jpg
[2025-04-26 11:33:02.705] [debug] captureImage 0 Success. 0 Success. true
[2025-04-26 11:33:03.278] [info] ----- TRIGGER NO. 37 true
[2025-04-26 11:33:03.365] [debug] Frame ID: 0Status: Complete Size:2464x2056 Format:2180014
[2025-04-26 11:33:03.365] [info] copyBufferToThreadData cId LR bw 2464 bh 2056
[2025-04-26 11:33:03.455] [debug] Saved file /mnt/merged_disk/GURUGRAM-DWARKA_2025-04-26_11-12-13/SECTION-1/pcams/pcam-0000037-LR.jpg
[2025-04-26 11:33:03.531] [debug] captureImage 0 Success. 0 Success. true
[2025-04-26 11:33:04.102] [info] ----- TRIGGER NO. 38 true
[2025-04-26 11:33:04.186] [debug] Frame ID: 0Status: Complete Size:2464x2056 Format:2180014
[2025-04-26 11:33:04.186] [info] copyBufferToThreadData cId LR bw 2464 bh 2056
[2025-04-26 11:33:04.273] [debug] Saved file /mnt/merged_disk/GURUGRAM-DWARKA_2025-04-26_11-12-13/SECTION-1/pcams/pcam-0000038-LR.jpg
[2025-04-26 11:33:04.351] [debug] captureImage 0 Success. 0 Success. true
[2025-04-26 11:33:04.931] [info] ----- TRIGGER NO. 39 true
[2025-04-26 11:33:05.019] [debug] Frame ID: 0Status: Complete Size:2464x2056 Format:2180014
[2025-04-26 11:33:05.019] [info] copyBufferToThreadData cId LR bw 2464 bh 2056
[2025-04-26 11:33:05.150] [debug] Saved file /mnt/merged_disk/GURUGRAM-DWARKA_2025-04-26_11-12-13/SECTION-1/pcams/pcam-0000039-LR.jpg
[2025-04-26 11:33:05.184] [debug] captureImage 0 Success. 0 Success. true
[2025-04-26 11:33:05.763] [info] ----- TRIGGER NO. 40 true
[2025-04-26 11:33:05.849] [debug] Frame ID: 0Status: Complete Size:2464x2056 Format:2180014
[2025-04-26 11:33:05.849] [info] copyBufferToThreadData cId LR bw 2464 bh 2056
[2025-04-26 11:33:05.990] [debug] Saved file /mnt/merged_disk/GURUGRAM-DWARKA_2025-04-26_11-12-13/SECTION-1/pcams/pcam-0000040-LR.jpg
[2025-04-26 11:33:06.013] [debug] captureImage 0 Success. 0 Success. true
[2025-04-26 11:33:06.597] [info] ----- TRIGGER NO. 41 true
[2025-04-26 11:33:06.684] [debug] Frame ID: 0Status: Complete Size:2464x2056 Format:2180014
[2025-04-26 11:33:06.684] [info] copyBufferToThreadData cId LR bw 2464 bh 2056
[2025-04-26 11:33:06.825] [debug] Saved file /mnt/merged_disk/GURUGRAM-DWARKA_2025-04-26_11-12-13/SECTION-1/pcams/pcam-0000041-LR.jpg
[2025-04-26 11:33:06.850] [debug] captureImage 0 Success. 0 Success. true
[2025-04-26 11:33:07.433] [info] ----- TRIGGER NO. 42 true
[2025-04-26 11:33:07.519] [debug] Frame ID: 0Status: Complete Size:2464x2056 Format:2180014
[2025-04-26 11:33:07.519] [info] copyBufferToThreadData cId LR bw 2464 bh 2056
[2025-04-26 11:33:07.610] [debug] Saved file /mnt/merged_disk/GURUGRAM-DWARKA_2025-04-26_11-12-13/SECTION-1/pcams/pcam-0000042-LR.jpg
[2025-04-26 11:33:07.685] [debug] captureImage 0 Success. 0 Success. true
[2025-04-26 11:33:08.269] [info] ----- TRIGGER NO. 43 true
[2025-04-26 11:33:08.355] [debug] Frame ID: 0Status: Complete Size:2464x2056 Format:2180014
[2025-04-26 11:33:08.355] [info] copyBufferToThreadData cId LR bw 2464 bh 2056
[2025-04-26 11:33:08.472] [debug] Saved file /mnt/merged_disk/GURUGRAM-DWARKA_2025-04-26_11-12-13/SECTION-1/pcams/pcam-0000043-LR.jpg
[2025-04-26 11:33:08.520] [debug] captureImage 0 Success. 0 Success. true
[2025-04-26 11:33:09.110] [info] ----- TRIGGER NO. 44 true
[2025-04-26 11:33:09.194] [debug] Frame ID: 0Status: Complete Size:2464x2056 Format:2180014
[2025-04-26 11:33:09.194] [info] copyBufferToThreadData cId LR bw 2464 bh 2056
[2025-04-26 11:33:09.286] [debug] Saved file /mnt/merged_disk/GURUGRAM-DWARKA_2025-04-26_11-12-13/SECTION-1/pcams/pcam-0000044-LR.jpg
[2025-04-26 11:33:09.359] [debug] captureImage 0 Success. 0 Success. true
[2025-04-26 11:33:09.959] [info] ----- TRIGGER NO. 45 true
[2025-04-26 11:33:10.046] [debug] Frame ID: 0Status: Complete Size:2464x2056 Format:2180014
[2025-04-26 11:33:10.046] [info] copyBufferToThreadData cId LR bw 2464 bh 2056
[2025-04-26 11:33:10.137] [debug] Saved file /mnt/merged_disk/GURUGRAM-DWARKA_2025-04-26_11-12-13/SECTION-1/pcams/pcam-0000045-LR.jpg
[2025-04-26 11:33:10.210] [debug] captureImage 0 Success. 0 Success. true
[2025-04-26 11:33:10.816] [info] ----- TRIGGER NO. 46 true
[2025-04-26 11:33:10.903] [debug] Frame ID: 0Status: Complete Size:2464x2056 Format:2180014
[2025-04-26 11:33:10.903] [info] copyBufferToThreadData cId LR bw 2464 bh 2056
[2025-04-26 11:33:10.993] [debug] Saved file /mnt/merged_disk/GURUGRAM-DWARKA_2025-04-26_11-12-13/SECTION-1/pcams/pcam-0000046-LR.jpg
[2025-04-26 11:33:11.068] [debug] captureImage 0 Success. 0 Success. true
[2025-04-26 11:33:11.674] [info] ----- TRIGGER NO. 47 true
[2025-04-26 11:33:11.760] [debug] Frame ID: 0Status: Complete Size:2464x2056 Format:2180014
[2025-04-26 11:33:11.760] [info] copyBufferToThreadData cId LR bw 2464 bh 2056
[2025-04-26 11:33:11.852] [debug] Saved file /mnt/merged_disk/GURUGRAM-DWARKA_2025-04-26_11-12-13/SECTION-1/pcams/pcam-0000047-LR.jpg
[2025-04-26 11:33:11.924] [debug] captureImage 0 Success. 0 Success. true
[2025-04-26 11:33:13.402] [info] ----- TRIGGER NO. 48 true
[2025-04-26 11:33:13.486] [debug] Frame ID: 0Status: Complete Size:2464x2056 Format:2180014
[2025-04-26 11:33:13.486] [info] copyBufferToThreadData cId LR bw 2464 bh 2056
[2025-04-26 11:33:13.609] [debug] Saved file /mnt/merged_disk/GURUGRAM-DWARKA_2025-04-26_11-12-13/SECTION-1/pcams/pcam-0000048-LR.jpg
[2025-04-26 11:33:13.650] [debug] captureImage 0 Success. 0 Success. true
[2025-04-26 11:33:14.265] [info] ----- TRIGGER NO. 49 true
[2025-04-26 11:33:14.351] [debug] Frame ID: 0Status: Complete Size:2464x2056 Format:2180014
[2025-04-26 11:33:14.351] [info] copyBufferToThreadData cId LR bw 2464 bh 2056
[2025-04-26 11:33:14.447] [debug] Saved file /mnt/merged_disk/GURUGRAM-DWARKA_2025-04-26_11-12-13/SECTION-1/pcams/pcam-0000049-LR.jpg
[2025-04-26 11:33:14.516] [debug] captureImage 0 Success. 0 Success. true
[2025-04-26 11:33:15.124] [info] ----- TRIGGER NO. 50 true
[2025-04-26 11:33:15.212] [debug] Frame ID: 0Status: Complete Size:2464x2056 Format:2180014
[2025-04-26 11:33:15.212] [info] copyBufferToThreadData cId LR bw 2464 bh 2056
[2025-04-26 11:33:15.304] [debug] Saved file /mnt/merged_disk/GURUGRAM-DWARKA_2025-04-26_11-12-13/SECTION-1/pcams/pcam-0000050-LR.jpg
[2025-04-26 11:33:15.376] [debug] captureImage 0 Success. 0 Success. true
[2025-04-26 11:33:15.984] [info] ----- TRIGGER NO. 51 true
[2025-04-26 11:33:16.069] [debug] Frame ID: 0Status: Complete Size:2464x2056 Format:2180014
[2025-04-26 11:33:16.069] [info] copyBufferToThreadData cId LR bw 2464 bh 2056
[2025-04-26 11:33:16.211] [debug] Saved file /mnt/merged_disk/GURUGRAM-DWARKA_2025-04-26_11-12-13/SECTION-1/pcams/pcam-0000051-LR.jpg
[2025-04-26 11:33:16.236] [debug] captureImage 0 Success. 0 Success. true
[2025-04-26 11:33:16.843] [info] ----- TRIGGER NO. 52 true
[2025-04-26 11:33:16.929] [debug] Frame ID: 0Status: Complete Size:2464x2056 Format:2180014
[2025-04-26 11:33:16.929] [info] copyBufferToThreadData cId LR bw 2464 bh 2056
[2025-04-26 11:33:17.021] [debug] Saved file /mnt/merged_disk/GURUGRAM-DWARKA_2025-04-26_11-12-13/SECTION-1/pcams/pcam-0000052-LR.jpg
[2025-04-26 11:33:17.093] [debug] captureImage 0 Success. 0 Success. true
[2025-04-26 11:33:17.701] [info] ----- TRIGGER NO. 53 true
[2025-04-26 11:33:17.785] [debug] Frame ID: 0Status: Complete Size:2464x2056 Format:2180014
[2025-04-26 11:33:17.785] [info] copyBufferToThreadData cId LR bw 2464 bh 2056
[2025-04-26 11:33:17.878] [debug] Saved file /mnt/merged_disk/GURUGRAM-DWARKA_2025-04-26_11-12-13/SECTION-1/pcams/pcam-0000053-LR.jpg
[2025-04-26 11:33:17.951] [debug] captureImage 0 Success. 0 Success. true
[2025-04-26 11:33:18.557] [info] ----- TRIGGER NO. 54 true
[2025-04-26 11:33:18.643] [debug] Frame ID: 0Status: Complete Size:2464x2056 Format:2180014
[2025-04-26 11:33:18.643] [info] copyBufferToThreadData cId LR bw 2464 bh 2056
[2025-04-26 11:33:18.743] [debug] Saved file /mnt/merged_disk/GURUGRAM-DWARKA_2025-04-26_11-12-13/SECTION-1/pcams/pcam-0000054-LR.jpg
[2025-04-26 11:33:18.809] [debug] captureImage 0 Success. 0 Success. true
[2025-04-26 11:33:19.415] [info] ----- TRIGGER NO. 55 true
[2025-04-26 11:33:19.500] [debug] Frame ID: 0Status: Complete Size:2464x2056 Format:2180014
[2025-04-26 11:33:19.500] [info] copyBufferToThreadData cId LR bw 2464 bh 2056
[2025-04-26 11:33:19.598] [debug] Saved file /mnt/merged_disk/GURUGRAM-DWARKA_2025-04-26_11-12-13/SECTION-1/pcams/pcam-0000055-LR.jpg
[2025-04-26 11:33:19.664] [debug] captureImage 0 Success. 0 Success. true
[2025-04-26 11:33:20.279] [info] ----- TRIGGER NO. 56 true
[2025-04-26 11:33:20.364] [debug] Frame ID: 0Status: Complete Size:2464x2056 Format:2180014
[2025-04-26 11:33:20.364] [info] copyBufferToThreadData cId LR bw 2464 bh 2056
[2025-04-26 11:33:20.459] [debug] Saved file /mnt/merged_disk/GURUGRAM-DWARKA_2025-04-26_11-12-13/SECTION-1/pcams/pcam-0000056-LR.jpg
[2025-04-26 11:33:20.529] [debug] captureImage 0 Success. 0 Success. true
[2025-04-26 11:33:21.141] [info] ----- TRIGGER NO. 57 true
[2025-04-26 11:33:21.228] [debug] Frame ID: 0Status: Complete Size:2464x2056 Format:2180014
[2025-04-26 11:33:21.228] [info] copyBufferToThreadData cId LR bw 2464 bh 2056
[2025-04-26 11:33:21.375] [debug] Saved file /mnt/merged_disk/GURUGRAM-DWARKA_2025-04-26_11-12-13/SECTION-1/pcams/pcam-0000057-LR.jpg
[2025-04-26 11:33:21.395] [debug] captureImage 0 Success. 0 Success. true
[2025-04-26 11:33:22.003] [info] ----- TRIGGER NO. 58 true
[2025-04-26 11:33:22.087] [debug] Frame ID: 0Status: Complete Size:2464x2056 Format:2180014
[2025-04-26 11:33:22.087] [info] copyBufferToThreadData cId LR bw 2464 bh 2056
[2025-04-26 11:33:22.182] [debug] Saved file /mnt/merged_disk/GURUGRAM-DWARKA_2025-04-26_11-12-13/SECTION-1/pcams/pcam-0000058-LR.jpg
[2025-04-26 11:33:22.251] [debug] captureImage 0 Success. 0 Success. true
[2025-04-26 11:33:22.862] [info] ----- TRIGGER NO. 59 true
[2025-04-26 11:33:22.946] [debug] Frame ID: 0Status: Complete Size:2464x2056 Format:2180014
[2025-04-26 11:33:22.946] [info] copyBufferToThreadData cId LR bw 2464 bh 2056
[2025-04-26 11:33:23.041] [debug] Saved file /mnt/merged_disk/GURUGRAM-DWARKA_2025-04-26_11-12-13/SECTION-1/pcams/pcam-0000059-LR.jpg
[2025-04-26 11:33:23.110] [debug] captureImage 0 Success. 0 Success. true
[2025-04-26 11:33:23.721] [info] ----- TRIGGER NO. 60 true
[2025-04-26 11:33:23.809] [debug] Frame ID: 0Status: Complete Size:2464x2056 Format:2180014
[2025-04-26 11:33:23.809] [info] copyBufferToThreadData cId LR bw 2464 bh 2056
[2025-04-26 11:33:23.957] [debug] Saved file /mnt/merged_disk/GURUGRAM-DWARKA_2025-04-26_11-12-13/SECTION-1/pcams/pcam-0000060-LR.jpg
[2025-04-26 11:33:23.974] [debug] captureImage 0 Success. 0 Success. true
[2025-04-26 11:33:24.575] [info] ----- TRIGGER NO. 61 true
[2025-04-26 11:33:24.664] [debug] Frame ID: 0Status: Complete Size:2464x2056 Format:2180014
[2025-04-26 11:33:24.664] [info] copyBufferToThreadData cId LR bw 2464 bh 2056
[2025-04-26 11:33:24.785] [debug] Saved file /mnt/merged_disk/GURUGRAM-DWARKA_2025-04-26_11-12-13/SECTION-1/pcams/pcam-0000061-LR.jpg
[2025-04-26 11:33:24.828] [debug] captureImage 0 Success. 0 Success. true
[2025-04-26 11:33:25.427] [info] ----- TRIGGER NO. 62 true
[2025-04-26 11:33:25.512] [debug] Frame ID: 0Status: Complete Size:2464x2056 Format:2180014
[2025-04-26 11:33:25.512] [info] copyBufferToThreadData cId LR bw 2464 bh 2056
[2025-04-26 11:33:25.602] [debug] Saved file /mnt/merged_disk/GURUGRAM-DWARKA_2025-04-26_11-12-13/SECTION-1/pcams/pcam-0000062-LR.jpg
[2025-04-26 11:33:25.678] [debug] captureImage 0 Success. 0 Success. true
[2025-04-26 11:33:26.276] [info] ----- TRIGGER NO. 63 true
[2025-04-26 11:33:26.363] [debug] Frame ID: 0Status: Complete Size:2464x2056 Format:2180014
[2025-04-26 11:33:26.363] [info] copyBufferToThreadData cId LR bw 2464 bh 2056
[2025-04-26 11:33:26.455] [debug] Saved file /mnt/merged_disk/GURUGRAM-DWARKA_2025-04-26_11-12-13/SECTION-1/pcams/pcam-0000063-LR.jpg
[2025-04-26 11:33:26.527] [debug] captureImage 0 Success. 0 Success. true
[2025-04-26 11:33:27.123] [info] ----- TRIGGER NO. 64 true
[2025-04-26 11:33:27.207] [debug] Frame ID: 0Status: Complete Size:2464x2056 Format:2180014
[2025-04-26 11:33:27.207] [info] copyBufferToThreadData cId LR bw 2464 bh 2056
[2025-04-26 11:33:27.297] [debug] Saved file /mnt/merged_disk/GURUGRAM-DWARKA_2025-04-26_11-12-13/SECTION-1/pcams/pcam-0000064-LR.jpg
[2025-04-26 11:33:27.371] [debug] captureImage 0 Success. 0 Success. true
[2025-04-26 11:33:27.966] [info] ----- TRIGGER NO. 65 true
[2025-04-26 11:33:28.052] [debug] Frame ID: 0Status: Complete Size:2464x2056 Format:2180014
[2025-04-26 11:33:28.052] [info] copyBufferToThreadData cId LR bw 2464 bh 2056
[2025-04-26 11:33:28.141] [debug] Saved file /mnt/merged_disk/GURUGRAM-DWARKA_2025-04-26_11-12-13/SECTION-1/pcams/pcam-0000065-LR.jpg
[2025-04-26 11:33:28.216] [debug] captureImage 0 Success. 0 Success. true
[2025-04-26 11:33:28.805] [info] ----- TRIGGER NO. 66 true
[2025-04-26 11:33:28.892] [debug] Frame ID: 0Status: Complete Size:2464x2056 Format:2180014
[2025-04-26 11:33:28.892] [info] copyBufferToThreadData cId LR bw 2464 bh 2056
[2025-04-26 11:33:28.983] [debug] Saved file /mnt/merged_disk/GURUGRAM-DWARKA_2025-04-26_11-12-13/SECTION-1/pcams/pcam-0000066-LR.jpg
[2025-04-26 11:33:29.056] [debug] captureImage 0 Success. 0 Success. true
[2025-04-26 11:33:29.640] [info] ----- TRIGGER NO. 67 true
[2025-04-26 11:33:29.727] [debug] Frame ID: 0Status: Complete Size:2464x2056 Format:2180014
[2025-04-26 11:33:29.727] [info] copyBufferToThreadData cId LR bw 2464 bh 2056
[2025-04-26 11:33:29.817] [debug] Saved file /mnt/merged_disk/GURUGRAM-DWARKA_2025-04-26_11-12-13/SECTION-1/pcams/pcam-0000067-LR.jpg
[2025-04-26 11:33:29.891] [debug] captureImage 0 Success. 0 Success. true
[2025-04-26 11:33:30.468] [info] ----- TRIGGER NO. 68 true
[2025-04-26 11:33:30.553] [debug] Frame ID: 0Status: Complete Size:2464x2056 Format:2180014
[2025-04-26 11:33:30.553] [info] copyBufferToThreadData cId LR bw 2464 bh 2056
[2025-04-26 11:33:30.639] [debug] Saved file /mnt/merged_disk/GURUGRAM-DWARKA_2025-04-26_11-12-13/SECTION-1/pcams/pcam-0000068-LR.jpg
[2025-04-26 11:33:30.717] [debug] captureImage 0 Success. 0 Success. true
[2025-04-26 11:33:31.291] [info] ----- TRIGGER NO. 69 true
[2025-04-26 11:33:31.375] [debug] Frame ID: 0Status: Complete Size:2464x2056 Format:2180014
[2025-04-26 11:33:31.375] [info] copyBufferToThreadData cId LR bw 2464 bh 2056
[2025-04-26 11:33:31.464] [debug] Saved file /mnt/merged_disk/GURUGRAM-DWARKA_2025-04-26_11-12-13/SECTION-1/pcams/pcam-0000069-LR.jpg
[2025-04-26 11:33:31.539] [debug] captureImage 0 Success. 0 Success. true
[2025-04-26 11:33:32.108] [info] ----- TRIGGER NO. 70 true
[2025-04-26 11:33:32.197] [debug] Frame ID: 0Status: Complete Size:2464x2056 Format:2180014
[2025-04-26 11:33:32.197] [info] copyBufferToThreadData cId LR bw 2464 bh 2056
[2025-04-26 11:33:32.286] [debug] Saved file /mnt/merged_disk/GURUGRAM-DWARKA_2025-04-26_11-12-13/SECTION-1/pcams/pcam-0000070-LR.jpg
[2025-04-26 11:33:32.362] [debug] captureImage 0 Success. 0 Success. true
[2025-04-26 11:33:32.923] [info] ----- TRIGGER NO. 71 true
[2025-04-26 11:33:33.008] [debug] Frame ID: 0Status: Complete Size:2464x2056 Format:2180014
[2025-04-26 11:33:33.008] [info] copyBufferToThreadData cId LR bw 2464 bh 2056
[2025-04-26 11:33:33.097] [debug] Saved file /mnt/merged_disk/GURUGRAM-DWARKA_2025-04-26_11-12-13/SECTION-1/pcams/pcam-0000071-LR.jpg
[2025-04-26 11:33:33.173] [debug] captureImage 0 Success. 0 Success. true
[2025-04-26 11:33:33.737] [info] ----- TRIGGER NO. 72 true
[2025-04-26 11:33:33.825] [debug] Frame ID: 0Status: Complete Size:2464x2056 Format:2180014
[2025-04-26 11:33:33.825] [info] copyBufferToThreadData cId LR bw 2464 bh 2056
[2025-04-26 11:33:33.913] [debug] Saved file /mnt/merged_disk/GURUGRAM-DWARKA_2025-04-26_11-12-13/SECTION-1/pcams/pcam-0000072-LR.jpg
[2025-04-26 11:33:33.989] [debug] captureImage 0 Success. 0 Success. true
[2025-04-26 11:33:34.551] [info] ----- TRIGGER NO. 73 true
[2025-04-26 11:33:34.637] [debug] Frame ID: 0Status: Complete Size:2464x2056 Format:2180014
[2025-04-26 11:33:34.637] [info] copyBufferToThreadData cId LR bw 2464 bh 2056
[2025-04-26 11:33:34.727] [debug] Saved file /mnt/merged_disk/GURUGRAM-DWARKA_2025-04-26_11-12-13/SECTION-1/pcams/pcam-0000073-LR.jpg
[2025-04-26 11:33:34.801] [debug] captureImage 0 Success. 0 Success. true
[2025-04-26 11:33:35.364] [info] ----- TRIGGER NO. 74 true
[2025-04-26 11:33:35.448] [debug] Frame ID: 0Status: Complete Size:2464x2056 Format:2180014
[2025-04-26 11:33:35.448] [info] copyBufferToThreadData cId LR bw 2464 bh 2056
[2025-04-26 11:33:35.540] [debug] Saved file /mnt/merged_disk/GURUGRAM-DWARKA_2025-04-26_11-12-13/SECTION-1/pcams/pcam-0000074-LR.jpg
[2025-04-26 11:33:35.613] [debug] captureImage 0 Success. 0 Success. true
[2025-04-26 11:33:36.175] [info] ----- TRIGGER NO. 75 true
[2025-04-26 11:33:36.261] [debug] Frame ID: 0Status: Complete Size:2464x2056 Format:2180014
[2025-04-26 11:33:36.261] [info] copyBufferToThreadData cId LR bw 2464 bh 2056
[2025-04-26 11:33:36.350] [debug] Saved file /mnt/merged_disk/GURUGRAM-DWARKA_2025-04-26_11-12-13/SECTION-1/pcams/pcam-0000075-LR.jpg
[2025-04-26 11:33:36.427] [debug] captureImage 0 Success. 0 Success. true
[2025-04-26 11:33:36.987] [info] ----- TRIGGER NO. 76 true
[2025-04-26 11:33:37.072] [debug] Frame ID: 0Status: Complete Size:2464x2056 Format:2180014
[2025-04-26 11:33:37.072] [info] copyBufferToThreadData cId LR bw 2464 bh 2056
[2025-04-26 11:33:37.161] [debug] Saved file /mnt/merged_disk/GURUGRAM-DWARKA_2025-04-26_11-12-13/SECTION-1/pcams/pcam-0000076-LR.jpg
[2025-04-26 11:33:37.238] [debug] captureImage 0 Success. 0 Success. true
[2025-04-26 11:33:37.800] [info] ----- TRIGGER NO. 77 true
[2025-04-26 11:33:37.885] [debug] Frame ID: 0Status: Complete Size:2464x2056 Format:2180014
[2025-04-26 11:33:37.885] [info] copyBufferToThreadData cId LR bw 2464 bh 2056
[2025-04-26 11:33:37.977] [debug] Saved file /mnt/merged_disk/GURUGRAM-DWARKA_2025-04-26_11-12-13/SECTION-1/pcams/pcam-0000077-LR.jpg
[2025-04-26 11:33:38.049] [debug] captureImage 0 Success. 0 Success. true
[2025-04-26 11:33:38.614] [info] ----- TRIGGER NO. 78 true
[2025-04-26 11:33:38.701] [debug] Frame ID: 0Status: Complete Size:2464x2056 Format:2180014
[2025-04-26 11:33:38.701] [info] copyBufferToThreadData cId LR bw 2464 bh 2056
[2025-04-26 11:33:38.792] [debug] Saved file /mnt/merged_disk/GURUGRAM-DWARKA_2025-04-26_11-12-13/SECTION-1/pcams/pcam-0000078-LR.jpg
[2025-04-26 11:33:38.865] [debug] captureImage 0 Success. 0 Success. true
[2025-04-26 11:33:39.422] [info] ----- TRIGGER NO. 79 true
[2025-04-26 11:33:39.509] [debug] Frame ID: 0Status: Complete Size:2464x2056 Format:2180014
[2025-04-26 11:33:39.509] [info] copyBufferToThreadData cId LR bw 2464 bh 2056
[2025-04-26 11:33:39.599] [debug] Saved file /mnt/merged_disk/GURUGRAM-DWARKA_2025-04-26_11-12-13/SECTION-1/pcams/pcam-0000079-LR.jpg
[2025-04-26 11:33:39.674] [debug] captureImage 0 Success. 0 Success. true
[2025-04-26 11:33:40.230] [info] ----- TRIGGER NO. 80 true
[2025-04-26 11:33:40.315] [debug] Frame ID: 0Status: Complete Size:2464x2056 Format:2180014
[2025-04-26 11:33:40.315] [info] copyBufferToThreadData cId LR bw 2464 bh 2056
[2025-04-26 11:33:40.406] [debug] Saved file /mnt/merged_disk/GURUGRAM-DWARKA_2025-04-26_11-12-13/SECTION-1/pcams/pcam-0000080-LR.jpg
[2025-04-26 11:33:40.481] [debug] captureImage 0 Success. 0 Success. true
[2025-04-26 11:33:41.032] [info] ----- TRIGGER NO. 81 true
[2025-04-26 11:33:41.119] [debug] Frame ID: 0Status: Complete Size:2464x2056 Format:2180014
[2025-04-26 11:33:41.119] [info] copyBufferToThreadData cId LR bw 2464 bh 2056
[2025-04-26 11:33:41.208] [debug] Saved file /mnt/merged_disk/GURUGRAM-DWARKA_2025-04-26_11-12-13/SECTION-1/pcams/pcam-0000081-LR.jpg
[2025-04-26 11:33:41.285] [debug] captureImage 0 Success. 0 Success. true
[2025-04-26 11:33:41.826] [info] ----- TRIGGER NO. 82 true
[2025-04-26 11:33:41.911] [debug] Frame ID: 0Status: Complete Size:2464x2056 Format:2180014
[2025-04-26 11:33:41.911] [info] copyBufferToThreadData cId LR bw 2464 bh 2056
[2025-04-26 11:33:42.002] [debug] Saved file /mnt/merged_disk/GURUGRAM-DWARKA_2025-04-26_11-12-13/SECTION-1/pcams/pcam-0000082-LR.jpg
[2025-04-26 11:33:42.076] [debug] captureImage 0 Success. 0 Success. true
[2025-04-26 11:33:42.612] [info] ----- TRIGGER NO. 83 true
[2025-04-26 11:33:42.699] [debug] Frame ID: 0Status: Complete Size:2464x2056 Format:2180014
[2025-04-26 11:33:42.699] [info] copyBufferToThreadData cId LR bw 2464 bh 2056
[2025-04-26 11:33:42.787] [debug] Saved file /mnt/merged_disk/GURUGRAM-DWARKA_2025-04-26_11-12-13/SECTION-1/pcams/pcam-0000083-LR.jpg
[2025-04-26 11:33:42.863] [debug] captureImage 0 Success. 0 Success. true
[2025-04-26 11:33:43.394] [info] ----- TRIGGER NO. 84 true
[2025-04-26 11:33:43.480] [debug] Frame ID: 0Status: Complete Size:2464x2056 Format:2180014
[2025-04-26 11:33:43.480] [info] copyBufferToThreadData cId LR bw 2464 bh 2056
[2025-04-26 11:33:43.569] [debug] Saved file /mnt/merged_disk/GURUGRAM-DWARKA_2025-04-26_11-12-13/SECTION-1/pcams/pcam-0000084-LR.jpg
[2025-04-26 11:33:43.645] [debug] captureImage 0 Success. 0 Success. true
[2025-04-26 11:33:44.174] [info] ----- TRIGGER NO. 85 true
[2025-04-26 11:33:44.261] [debug] Frame ID: 0Status: Complete Size:2464x2056 Format:2180014
[2025-04-26 11:33:44.261] [info] copyBufferToThreadData cId LR bw 2464 bh 2056
[2025-04-26 11:33:44.350] [debug] Saved file /mnt/merged_disk/GURUGRAM-DWARKA_2025-04-26_11-12-13/SECTION-1/pcams/pcam-0000085-LR.jpg
[2025-04-26 11:33:44.425] [debug] captureImage 0 Success. 0 Success. true
[2025-04-26 11:33:44.949] [info] ----- TRIGGER NO. 86 true
[2025-04-26 11:33:45.037] [debug] Frame ID: 0Status: Complete Size:2464x2056 Format:2180014
[2025-04-26 11:33:45.037] [info] copyBufferToThreadData cId LR bw 2464 bh 2056
[2025-04-26 11:33:45.145] [debug] Saved file /mnt/merged_disk/GURUGRAM-DWARKA_2025-04-26_11-12-13/SECTION-1/pcams/pcam-0000086-LR.jpg
[2025-04-26 11:33:45.201] [debug] captureImage 0 Success. 0 Success. true
[2025-04-26 11:33:45.728] [info] ----- TRIGGER NO. 87 true
[2025-04-26 11:33:45.813] [debug] Frame ID: 0Status: Complete Size:2464x2056 Format:2180014
[2025-04-26 11:33:45.813] [info] copyBufferToThreadData cId LR bw 2464 bh 2056
[2025-04-26 11:33:45.903] [debug] Saved file /mnt/merged_disk/GURUGRAM-DWARKA_2025-04-26_11-12-13/SECTION-1/pcams/pcam-0000087-LR.jpg
[2025-04-26 11:33:45.977] [debug] captureImage 0 Success. 0 Success. true
[2025-04-26 11:33:46.514] [info] ----- TRIGGER NO. 88 true
[2025-04-26 11:33:46.602] [debug] Frame ID: 0Status: Complete Size:2464x2056 Format:2180014
[2025-04-26 11:33:46.602] [info] copyBufferToThreadData cId LR bw 2464 bh 2056
[2025-04-26 11:33:46.692] [debug] Saved file /mnt/merged_disk/GURUGRAM-DWARKA_2025-04-26_11-12-13/SECTION-1/pcams/pcam-0000088-LR.jpg
[2025-04-26 11:33:46.766] [debug] captureImage 0 Success. 0 Success. true
[2025-04-26 11:33:47.305] [info] ----- TRIGGER NO. 89 true
[2025-04-26 11:33:47.391] [debug] Frame ID: 0Status: Complete Size:2464x2056 Format:2180014
[2025-04-26 11:33:47.391] [info] copyBufferToThreadData cId LR bw 2464 bh 2056
[2025-04-26 11:33:47.482] [debug] Saved file /mnt/merged_disk/GURUGRAM-DWARKA_2025-04-26_11-12-13/SECTION-1/pcams/pcam-0000089-LR.jpg
[2025-04-26 11:33:47.555] [debug] captureImage 0 Success. 0 Success. true
[2025-04-26 11:33:48.094] [info] ----- TRIGGER NO. 90 true
[2025-04-26 11:33:48.180] [debug] Frame ID: 0Status: Complete Size:2464x2056 Format:2180014
[2025-04-26 11:33:48.180] [info] copyBufferToThreadData cId LR bw 2464 bh 2056
[2025-04-26 11:33:48.269] [debug] Saved file /mnt/merged_disk/GURUGRAM-DWARKA_2025-04-26_11-12-13/SECTION-1/pcams/pcam-0000090-LR.jpg
[2025-04-26 11:33:48.344] [debug] captureImage 0 Success. 0 Success. true
[2025-04-26 11:33:48.880] [info] ----- TRIGGER NO. 91 true
[2025-04-26 11:33:48.964] [debug] Frame ID: 0Status: Complete Size:2464x2056 Format:2180014
[2025-04-26 11:33:48.964] [info] copyBufferToThreadData cId LR bw 2464 bh 2056
[2025-04-26 11:33:49.052] [debug] Saved file /mnt/merged_disk/GURUGRAM-DWARKA_2025-04-26_11-12-13/SECTION-1/pcams/pcam-0000091-LR.jpg
[2025-04-26 11:33:49.129] [debug] captureImage 0 Success. 0 Success. true
[2025-04-26 11:33:49.662] [info] ----- TRIGGER NO. 92 true
[2025-04-26 11:33:49.746] [debug] Frame ID: 0Status: Complete Size:2464x2056 Format:2180014
[2025-04-26 11:33:49.746] [info] copyBufferToThreadData cId LR bw 2464 bh 2056
[2025-04-26 11:33:49.834] [debug] Saved file /mnt/merged_disk/GURUGRAM-DWARKA_2025-04-26_11-12-13/SECTION-1/pcams/pcam-0000092-LR.jpg
[2025-04-26 11:33:49.911] [debug] captureImage 0 Success. 0 Success. true
[2025-04-26 11:33:50.446] [info] ----- TRIGGER NO. 93 true
[2025-04-26 11:33:50.531] [debug] Frame ID: 0Status: Complete Size:2464x2056 Format:2180014
[2025-04-26 11:33:50.531] [info] copyBufferToThreadData cId LR bw 2464 bh 2056
[2025-04-26 11:33:50.620] [debug] Saved file /mnt/merged_disk/GURUGRAM-DWARKA_2025-04-26_11-12-13/SECTION-1/pcams/pcam-0000093-LR.jpg
[2025-04-26 11:33:50.696] [debug] captureImage 0 Success. 0 Success. true
[2025-04-26 11:33:51.229] [info] ----- TRIGGER NO. 94 true
[2025-04-26 11:33:51.314] [debug] Frame ID: 0Status: Complete Size:2464x2056 Format:2180014
[2025-04-26 11:33:51.314] [info] copyBufferToThreadData cId LR bw 2464 bh 2056
[2025-04-26 11:33:51.404] [debug] Saved file /mnt/merged_disk/GURUGRAM-DWARKA_2025-04-26_11-12-13/SECTION-1/pcams/pcam-0000094-LR.jpg
[2025-04-26 11:33:51.479] [debug] captureImage 0 Success. 0 Success. true
[2025-04-26 11:33:52.010] [info] ----- TRIGGER NO. 95 true
[2025-04-26 11:33:52.097] [debug] Frame ID: 0Status: Complete Size:2464x2056 Format:2180014
[2025-04-26 11:33:52.097] [info] copyBufferToThreadData cId LR bw 2464 bh 2056
[2025-04-26 11:33:52.189] [debug] Saved file /mnt/merged_disk/GURUGRAM-DWARKA_2025-04-26_11-12-13/SECTION-1/pcams/pcam-0000095-LR.jpg
[2025-04-26 11:33:52.261] [debug] captureImage 0 Success. 0 Success. true
[2025-04-26 11:33:52.785] [info] ----- TRIGGER NO. 96 true
[2025-04-26 11:33:52.870] [debug] Frame ID: 0Status: Complete Size:2464x2056 Format:2180014
[2025-04-26 11:33:52.870] [info] copyBufferToThreadData cId LR bw 2464 bh 2056
[2025-04-26 11:33:52.959] [debug] Saved file /mnt/merged_disk/GURUGRAM-DWARKA_2025-04-26_11-12-13/SECTION-1/pcams/pcam-0000096-LR.jpg
[2025-04-26 11:33:53.036] [debug] captureImage 0 Success. 0 Success. true
[2025-04-26 11:33:53.556] [info] ----- TRIGGER NO. 97 true
[2025-04-26 11:33:53.643] [debug] Frame ID: 0Status: Complete Size:2464x2056 Format:2180014
[2025-04-26 11:33:53.643] [info] copyBufferToThreadData cId LR bw 2464 bh 2056
[2025-04-26 11:33:53.734] [debug] Saved file /mnt/merged_disk/GURUGRAM-DWARKA_2025-04-26_11-12-13/SECTION-1/pcams/pcam-0000097-LR.jpg
[2025-04-26 11:33:53.809] [debug] captureImage 0 Success. 0 Success. true
[2025-04-26 11:33:54.324] [info] ----- TRIGGER NO. 98 true
[2025-04-26 11:33:54.409] [debug] Frame ID: 0Status: Complete Size:2464x2056 Format:2180014
[2025-04-26 11:33:54.409] [info] copyBufferToThreadData cId LR bw 2464 bh 2056
[2025-04-26 11:33:54.500] [debug] Saved file /mnt/merged_disk/GURUGRAM-DWARKA_2025-04-26_11-12-13/SECTION-1/pcams/pcam-0000098-LR.jpg
[2025-04-26 11:33:54.575] [debug] captureImage 0 Success. 0 Success. true
[2025-04-26 11:33:55.090] [info] ----- TRIGGER NO. 99 true
[2025-04-26 11:33:55.175] [debug] Frame ID: 0Status: Complete Size:2464x2056 Format:2180014
[2025-04-26 11:33:55.175] [info] copyBufferToThreadData cId LR bw 2464 bh 2056
[2025-04-26 11:33:55.264] [debug] Saved file /mnt/merged_disk/GURUGRAM-DWARKA_2025-04-26_11-12-13/SECTION-1/pcams/pcam-0000099-LR.jpg
[2025-04-26 11:33:55.339] [debug] captureImage 0 Success. 0 Success. true
[2025-04-26 11:33:55.850] [info] ----- TRIGGER NO. 100 true
[2025-04-26 11:33:55.937] [debug] Frame ID: 0Status: Complete Size:2464x2056 Format:2180014
[2025-04-26 11:33:55.937] [info] copyBufferToThreadData cId LR bw 2464 bh 2056
[2025-04-26 11:33:56.026] [debug] Saved file /mnt/merged_disk/GURUGRAM-DWARKA_2025-04-26_11-12-13/SECTION-1/pcams/pcam-0000100-LR.jpg
[2025-04-26 11:33:56.101] [debug] captureImage 0 Success. 0 Success. true
[2025-04-26 11:33:56.605] [info] ----- TRIGGER NO. 101 true
[2025-04-26 11:33:56.689] [debug] Frame ID: 0Status: Complete Size:2464x2056 Format:2180014
[2025-04-26 11:33:56.689] [info] copyBufferToThreadData cId LR bw 2464 bh 2056
[2025-04-26 11:33:56.778] [debug] Saved file /mnt/merged_disk/GURUGRAM-DWARKA_2025-04-26_11-12-13/SECTION-1/pcams/pcam-0000101-LR.jpg
[2025-04-26 11:33:56.853] [debug] captureImage 0 Success. 0 Success. true
[2025-04-26 11:33:57.356] [info] ----- TRIGGER NO. 102 true
[2025-04-26 11:33:57.441] [debug] Frame ID: 0Status: Complete Size:2464x2056 Format:2180014
[2025-04-26 11:33:57.441] [info] copyBufferToThreadData cId LR bw 2464 bh 2056
[2025-04-26 11:33:57.532] [debug] Saved file /mnt/merged_disk/GURUGRAM-DWARKA_2025-04-26_11-12-13/SECTION-1/pcams/pcam-0000102-LR.jpg
[2025-04-26 11:33:57.605] [debug] captureImage 0 Success. 0 Success. true
[2025-04-26 11:33:58.108] [info] ----- TRIGGER NO. 103 true
[2025-04-26 11:33:58.196] [debug] Frame ID: 0Status: Complete Size:2464x2056 Format:2180014
[2025-04-26 11:33:58.196] [info] copyBufferToThreadData cId LR bw 2464 bh 2056
[2025-04-26 11:33:58.321] [debug] Saved file /mnt/merged_disk/GURUGRAM-DWARKA_2025-04-26_11-12-13/SECTION-1/pcams/pcam-0000103-LR.jpg
[2025-04-26 11:33:58.360] [debug] captureImage 0 Success. 0 Success. true
[2025-04-26 11:33:58.867] [info] ----- TRIGGER NO. 104 true
[2025-04-26 11:33:58.951] [debug] Frame ID: 0Status: Complete Size:2464x2056 Format:2180014
[2025-04-26 11:33:58.951] [info] copyBufferToThreadData cId LR bw 2464 bh 2056
[2025-04-26 11:33:59.073] [debug] Saved file /mnt/merged_disk/GURUGRAM-DWARKA_2025-04-26_11-12-13/SECTION-1/pcams/pcam-0000104-LR.jpg
[2025-04-26 11:33:59.115] [debug] captureImage 0 Success. 0 Success. true
[2025-04-26 11:33:59.632] [info] ----- TRIGGER NO. 105 true
[2025-04-26 11:33:59.718] [debug] Frame ID: 0Status: Complete Size:2464x2056 Format:2180014
[2025-04-26 11:33:59.718] [info] copyBufferToThreadData cId LR bw 2464 bh 2056
[2025-04-26 11:33:59.803] [debug] Saved file /mnt/merged_disk/GURUGRAM-DWARKA_2025-04-26_11-12-13/SECTION-1/pcams/pcam-0000105-LR.jpg
[2025-04-26 11:33:59.882] [debug] captureImage 0 Success. 0 Success. true
[2025-04-26 11:34:00.401] [info] ----- TRIGGER NO. 106 true
[2025-04-26 11:34:00.488] [debug] Frame ID: 0Status: Complete Size:2464x2056 Format:2180014
[2025-04-26 11:34:00.488] [info] copyBufferToThreadData cId LR bw 2464 bh 2056
[2025-04-26 11:34:00.614] [debug] Saved file /mnt/merged_disk/GURUGRAM-DWARKA_2025-04-26_11-12-13/SECTION-1/pcams/pcam-0000106-LR.jpg
[2025-04-26 11:34:00.651] [debug] captureImage 0 Success. 0 Success. true
[2025-04-26 11:34:01.169] [info] ----- TRIGGER NO. 107 true
[2025-04-26 11:34:01.257] [debug] Frame ID: 0Status: Complete Size:2464x2056 Format:2180014
[2025-04-26 11:34:01.257] [info] copyBufferToThreadData cId LR bw 2464 bh 2056
[2025-04-26 11:34:01.374] [debug] Saved file /mnt/merged_disk/GURUGRAM-DWARKA_2025-04-26_11-12-13/SECTION-1/pcams/pcam-0000107-LR.jpg
[2025-04-26 11:34:01.421] [debug] captureImage 0 Success. 0 Success. true
[2025-04-26 11:34:01.938] [info] ----- TRIGGER NO. 108 true
[2025-04-26 11:34:02.024] [debug] Frame ID: 0Status: Complete Size:2464x2056 Format:2180014
[2025-04-26 11:34:02.024] [info] copyBufferToThreadData cId LR bw 2464 bh 2056
[2025-04-26 11:34:02.120] [debug] Saved file /mnt/merged_disk/GURUGRAM-DWARKA_2025-04-26_11-12-13/SECTION-1/pcams/pcam-0000108-LR.jpg
[2025-04-26 11:34:02.189] [debug] captureImage 0 Success. 0 Success. true
[2025-04-26 11:34:02.712] [info] ----- TRIGGER NO. 109 true
[2025-04-26 11:34:02.798] [debug] Frame ID: 0Status: Complete Size:2464x2056 Format:2180014
[2025-04-26 11:34:02.798] [info] copyBufferToThreadData cId LR bw 2464 bh 2056
[2025-04-26 11:34:02.884] [debug] Saved file /mnt/merged_disk/GURUGRAM-DWARKA_2025-04-26_11-12-13/SECTION-1/pcams/pcam-0000109-LR.jpg
[2025-04-26 11:34:02.964] [debug] captureImage 0 Success. 0 Success. true
[2025-04-26 11:34:03.491] [info] ----- TRIGGER NO. 110 true
[2025-04-26 11:34:03.577] [debug] Frame ID: 0Status: Complete Size:2464x2056 Format:2180014
[2025-04-26 11:34:03.577] [info] copyBufferToThreadData cId LR bw 2464 bh 2056
[2025-04-26 11:34:03.668] [debug] Saved file /mnt/merged_disk/GURUGRAM-DWARKA_2025-04-26_11-12-13/SECTION-1/pcams/pcam-0000110-LR.jpg
[2025-04-26 11:34:03.741] [debug] captureImage 0 Success. 0 Success. true
[2025-04-26 11:34:04.274] [info] ----- TRIGGER NO. 111 true
[2025-04-26 11:34:04.363] [debug] Frame ID: 0Status: Complete Size:2464x2056 Format:2180014
[2025-04-26 11:34:04.363] [info] copyBufferToThreadData cId LR bw 2464 bh 2056
[2025-04-26 11:34:04.452] [debug] Saved file /mnt/merged_disk/GURUGRAM-DWARKA_2025-04-26_11-12-13/SECTION-1/pcams/pcam-0000111-LR.jpg
[2025-04-26 11:34:04.528] [debug] captureImage 0 Success. 0 Success. true
[2025-04-26 11:34:05.066] [info] ----- TRIGGER NO. 112 true
[2025-04-26 11:34:05.154] [debug] Frame ID: 0Status: Complete Size:2464x2056 Format:2180014
[2025-04-26 11:34:05.154] [info] copyBufferToThreadData cId LR bw 2464 bh 2056
[2025-04-26 11:34:05.246] [debug] Saved file /mnt/merged_disk/GURUGRAM-DWARKA_2025-04-26_11-12-13/SECTION-1/pcams/pcam-0000112-LR.jpg
[2025-04-26 11:34:05.320] [debug] captureImage 0 Success. 0 Success. true
[2025-04-26 11:34:05.866] [info] ----- TRIGGER NO. 113 true
[2025-04-26 11:34:05.954] [debug] Frame ID: 0Status: Complete Size:2464x2056 Format:2180014
[2025-04-26 11:34:05.954] [info] copyBufferToThreadData cId LR bw 2464 bh 2056
[2025-04-26 11:34:06.040] [debug] Saved file /mnt/merged_disk/GURUGRAM-DWARKA_2025-04-26_11-12-13/SECTION-1/pcams/pcam-0000113-LR.jpg
[2025-04-26 11:34:06.119] [debug] captureImage 0 Success. 0 Success. true
[2025-04-26 11:34:06.663] [info] ----- TRIGGER NO. 114 true
[2025-04-26 11:34:06.751] [debug] Frame ID: 0Status: Complete Size:2464x2056 Format:2180014
[2025-04-26 11:34:06.751] [info] copyBufferToThreadData cId LR bw 2464 bh 2056
[2025-04-26 11:34:06.887] [debug] Saved file /mnt/merged_disk/GURUGRAM-DWARKA_2025-04-26_11-12-13/SECTION-1/pcams/pcam-0000114-LR.jpg
[2025-04-26 11:34:06.915] [debug] captureImage 0 Success. 0 Success. true
[2025-04-26 11:34:07.457] [info] ----- TRIGGER NO. 115 true
[2025-04-26 11:34:07.544] [debug] Frame ID: 0Status: Complete Size:2464x2056 Format:2180014
[2025-04-26 11:34:07.544] [info] copyBufferToThreadData cId LR bw 2464 bh 2056
[2025-04-26 11:34:07.674] [debug] Saved file /mnt/merged_disk/GURUGRAM-DWARKA_2025-04-26_11-12-13/SECTION-1/pcams/pcam-0000115-LR.jpg
[2025-04-26 11:34:07.708] [debug] captureImage 0 Success. 0 Success. true
[2025-04-26 11:34:08.246] [info] ----- TRIGGER NO. 116 true
[2025-04-26 11:34:08.334] [debug] Frame ID: 0Status: Complete Size:2464x2056 Format:2180014
[2025-04-26 11:34:08.334] [info] copyBufferToThreadData cId LR bw 2464 bh 2056
[2025-04-26 11:34:08.422] [debug] Saved file /mnt/merged_disk/GURUGRAM-DWARKA_2025-04-26_11-12-13/SECTION-1/pcams/pcam-0000116-LR.jpg
[2025-04-26 11:34:08.502] [debug] captureImage 0 Success. 0 Success. true
[2025-04-26 11:34:09.031] [info] ----- TRIGGER NO. 117 true
[2025-04-26 11:34:09.115] [debug] Frame ID: 0Status: Complete Size:2464x2056 Format:2180014
[2025-04-26 11:34:09.115] [info] copyBufferToThreadData cId LR bw 2464 bh 2056
[2025-04-26 11:34:09.201] [debug] Saved file /mnt/merged_disk/GURUGRAM-DWARKA_2025-04-26_11-12-13/SECTION-1/pcams/pcam-0000117-LR.jpg
[2025-04-26 11:34:09.279] [debug] captureImage 0 Success. 0 Success. true
[2025-04-26 11:34:09.814] [info] ----- TRIGGER NO. 118 true
[2025-04-26 11:34:09.900] [debug] Frame ID: 0Status: Complete Size:2464x2056 Format:2180014
[2025-04-26 11:34:09.900] [info] copyBufferToThreadData cId LR bw 2464 bh 2056
[2025-04-26 11:34:09.988] [debug] Saved file /mnt/merged_disk/GURUGRAM-DWARKA_2025-04-26_11-12-13/SECTION-1/pcams/pcam-0000118-LR.jpg
[2025-04-26 11:34:10.065] [debug] captureImage 0 Success. 0 Success. true
[2025-04-26 11:34:10.597] [info] ----- TRIGGER NO. 119 true
[2025-04-26 11:34:10.682] [debug] Frame ID: 0Status: Complete Size:2464x2056 Format:2180014
[2025-04-26 11:34:10.682] [info] copyBufferToThreadData cId LR bw 2464 bh 2056
[2025-04-26 11:34:10.772] [debug] Saved file /mnt/merged_disk/GURUGRAM-DWARKA_2025-04-26_11-12-13/SECTION-1/pcams/pcam-0000119-LR.jpg
[2025-04-26 11:34:10.847] [debug] captureImage 0 Success. 0 Success. true
[2025-04-26 11:34:11.379] [info] ----- TRIGGER NO. 120 true
[2025-04-26 11:34:11.464] [debug] Frame ID: 0Status: Complete Size:2464x2056 Format:2180014
[2025-04-26 11:34:11.464] [info] copyBufferToThreadData cId LR bw 2464 bh 2056
[2025-04-26 11:34:11.554] [debug] Saved file /mnt/merged_disk/GURUGRAM-DWARKA_2025-04-26_11-12-13/SECTION-1/pcams/pcam-0000120-LR.jpg
[2025-04-26 11:34:11.627] [debug] captureImage 0 Success. 0 Success. true
[2025-04-26 11:34:12.163] [info] ----- TRIGGER NO. 121 true
[2025-04-26 11:34:12.249] [debug] Frame ID: 0Status: Complete Size:2464x2056 Format:2180014
[2025-04-26 11:34:12.249] [info] copyBufferToThreadData cId LR bw 2464 bh 2056
[2025-04-26 11:34:12.338] [debug] Saved file /mnt/merged_disk/GURUGRAM-DWARKA_2025-04-26_11-12-13/SECTION-1/pcams/pcam-0000121-LR.jpg
[2025-04-26 11:34:12.413] [debug] captureImage 0 Success. 0 Success. true
[2025-04-26 11:34:12.952] [info] ----- TRIGGER NO. 122 true
[2025-04-26 11:34:13.039] [debug] Frame ID: 0Status: Complete Size:2464x2056 Format:2180014
[2025-04-26 11:34:13.039] [info] copyBufferToThreadData cId LR bw 2464 bh 2056
[2025-04-26 11:34:13.131] [debug] Saved file /mnt/merged_disk/GURUGRAM-DWARKA_2025-04-26_11-12-13/SECTION-1/pcams/pcam-0000122-LR.jpg
[2025-04-26 11:34:13.204] [debug] captureImage 0 Success. 0 Success. true
[2025-04-26 11:34:13.743] [info] ----- TRIGGER NO. 123 true
[2025-04-26 11:34:13.830] [debug] Frame ID: 0Status: Complete Size:2464x2056 Format:2180014
[2025-04-26 11:34:13.830] [info] copyBufferToThreadData cId LR bw 2464 bh 2056
[2025-04-26 11:34:13.922] [debug] Saved file /mnt/merged_disk/GURUGRAM-DWARKA_2025-04-26_11-12-13/SECTION-1/pcams/pcam-0000123-LR.jpg
[2025-04-26 11:34:13.994] [debug] captureImage 0 Success. 0 Success. true
[2025-04-26 11:34:14.537] [info] ----- TRIGGER NO. 124 true
[2025-04-26 11:34:14.624] [debug] Frame ID: 0Status: Complete Size:2464x2056 Format:2180014
[2025-04-26 11:34:14.624] [info] copyBufferToThreadData cId LR bw 2464 bh 2056
[2025-04-26 11:34:14.712] [debug] Saved file /mnt/merged_disk/GURUGRAM-DWARKA_2025-04-26_11-12-13/SECTION-1/pcams/pcam-0000124-LR.jpg
[2025-04-26 11:34:14.788] [debug] captureImage 0 Success. 0 Success. true
[2025-04-26 11:34:15.335] [info] ----- TRIGGER NO. 125 true
[2025-04-26 11:34:15.422] [debug] Frame ID: 0Status: Complete Size:2464x2056 Format:2180014
[2025-04-26 11:34:15.422] [info] copyBufferToThreadData cId LR bw 2464 bh 2056
[2025-04-26 11:34:15.510] [debug] Saved file /mnt/merged_disk/GURUGRAM-DWARKA_2025-04-26_11-12-13/SECTION-1/pcams/pcam-0000125-LR.jpg
[2025-04-26 11:34:15.586] [debug] captureImage 0 Success. 0 Success. true
[2025-04-26 11:34:16.136] [info] ----- TRIGGER NO. 126 true
[2025-04-26 11:34:16.222] [debug] Frame ID: 0Status: Complete Size:2464x2056 Format:2180014
[2025-04-26 11:34:16.222] [info] copyBufferToThreadData cId LR bw 2464 bh 2056
[2025-04-26 11:34:16.337] [debug] Saved file /mnt/merged_disk/GURUGRAM-DWARKA_2025-04-26_11-12-13/SECTION-1/pcams/pcam-0000126-LR.jpg
[2025-04-26 11:34:16.388] [debug] captureImage 0 Success. 0 Success. true
[2025-04-26 11:34:16.938] [info] ----- TRIGGER NO. 127 true
[2025-04-26 11:34:17.026] [debug] Frame ID: 0Status: Complete Size:2464x2056 Format:2180014
[2025-04-26 11:34:17.026] [info] copyBufferToThreadData cId LR bw 2464 bh 2056
[2025-04-26 11:34:17.119] [debug] Saved file /mnt/merged_disk/GURUGRAM-DWARKA_2025-04-26_11-12-13/SECTION-1/pcams/pcam-0000127-LR.jpg
[2025-04-26 11:34:17.190] [debug] captureImage 0 Success. 0 Success. true
[2025-04-26 11:34:17.741] [info] ----- TRIGGER NO. 128 true
[2025-04-26 11:34:17.825] [debug] Frame ID: 0Status: Complete Size:2464x2056 Format:2180014
[2025-04-26 11:34:17.825] [info] copyBufferToThreadData cId LR bw 2464 bh 2056
[2025-04-26 11:34:17.911] [debug] Saved file /mnt/merged_disk/GURUGRAM-DWARKA_2025-04-26_11-12-13/SECTION-1/pcams/pcam-0000128-LR.jpg
[2025-04-26 11:34:17.990] [debug] captureImage 0 Success. 0 Success. true
[2025-04-26 11:34:18.543] [info] ----- TRIGGER NO. 129 true
[2025-04-26 11:34:18.627] [debug] Frame ID: 0Status: Complete Size:2464x2056 Format:2180014
[2025-04-26 11:34:18.627] [info] copyBufferToThreadData cId LR bw 2464 bh 2056
[2025-04-26 11:34:18.718] [debug] Saved file /mnt/merged_disk/GURUGRAM-DWARKA_2025-04-26_11-12-13/SECTION-1/pcams/pcam-0000129-LR.jpg
[2025-04-26 11:34:18.792] [debug] captureImage 0 Success. 0 Success. true
[2025-04-26 11:34:19.344] [info] ----- TRIGGER NO. 130 true
[2025-04-26 11:34:19.431] [debug] Frame ID: 0Status: Complete Size:2464x2056 Format:2180014
[2025-04-26 11:34:19.431] [info] copyBufferToThreadData cId LR bw 2464 bh 2056
[2025-04-26 11:34:19.542] [debug] Saved file /mnt/merged_disk/GURUGRAM-DWARKA_2025-04-26_11-12-13/SECTION-1/pcams/pcam-0000130-LR.jpg
[2025-04-26 11:34:19.596] [debug] captureImage 0 Success. 0 Success. true
[2025-04-26 11:34:20.142] [info] ----- TRIGGER NO. 131 true
[2025-04-26 11:34:20.229] [debug] Frame ID: 0Status: Complete Size:2464x2056 Format:2180014
[2025-04-26 11:34:20.229] [info] copyBufferToThreadData cId LR bw 2464 bh 2056
[2025-04-26 11:34:20.319] [debug] Saved file /mnt/merged_disk/GURUGRAM-DWARKA_2025-04-26_11-12-13/SECTION-1/pcams/pcam-0000131-LR.jpg
[2025-04-26 11:34:20.394] [debug] captureImage 0 Success. 0 Success. true
[2025-04-26 11:34:20.938] [info] ----- TRIGGER NO. 132 true
[2025-04-26 11:34:21.026] [debug] Frame ID: 0Status: Complete Size:2464x2056 Format:2180014
[2025-04-26 11:34:21.026] [info] copyBufferToThreadData cId LR bw 2464 bh 2056
[2025-04-26 11:34:21.158] [debug] Saved file /mnt/merged_disk/GURUGRAM-DWARKA_2025-04-26_11-12-13/SECTION-1/pcams/pcam-0000132-LR.jpg
[2025-04-26 11:34:21.191] [debug] captureImage 0 Success. 0 Success. true
[2025-04-26 11:34:21.731] [info] ----- TRIGGER NO. 133 true
[2025-04-26 11:34:21.818] [debug] Frame ID: 0Status: Complete Size:2464x2056 Format:2180014
[2025-04-26 11:34:21.818] [info] copyBufferToThreadData cId LR bw 2464 bh 2056
[2025-04-26 11:34:21.909] [debug] Saved file /mnt/merged_disk/GURUGRAM-DWARKA_2025-04-26_11-12-13/SECTION-1/pcams/pcam-0000133-LR.jpg
[2025-04-26 11:34:21.983] [debug] captureImage 0 Success. 0 Success. true
[2025-04-26 11:34:22.522] [info] ----- TRIGGER NO. 134 true
[2025-04-26 11:34:22.607] [debug] Frame ID: 0Status: Complete Size:2464x2056 Format:2180014
[2025-04-26 11:34:22.607] [info] copyBufferToThreadData cId LR bw 2464 bh 2056
[2025-04-26 11:34:22.706] [debug] Saved file /mnt/merged_disk/GURUGRAM-DWARKA_2025-04-26_11-12-13/SECTION-1/pcams/pcam-0000134-LR.jpg
[2025-04-26 11:34:22.771] [debug] captureImage 0 Success. 0 Success. true
[2025-04-26 11:34:23.314] [info] ----- TRIGGER NO. 135 true
[2025-04-26 11:34:23.401] [debug] Frame ID: 0Status: Complete Size:2464x2056 Format:2180014
[2025-04-26 11:34:23.401] [info] copyBufferToThreadData cId LR bw 2464 bh 2056
[2025-04-26 11:34:23.496] [debug] Saved file /mnt/merged_disk/GURUGRAM-DWARKA_2025-04-26_11-12-13/SECTION-1/pcams/pcam-0000135-LR.jpg
[2025-04-26 11:34:23.566] [debug] captureImage 0 Success. 0 Success. true
[2025-04-26 11:34:24.106] [info] ----- TRIGGER NO. 136 true
[2025-04-26 11:34:24.193] [debug] Frame ID: 0Status: Complete Size:2464x2056 Format:2180014
[2025-04-26 11:34:24.193] [info] copyBufferToThreadData cId LR bw 2464 bh 2056
[2025-04-26 11:34:24.285] [debug] Saved file /mnt/merged_disk/GURUGRAM-DWARKA_2025-04-26_11-12-13/SECTION-1/pcams/pcam-0000136-LR.jpg
[2025-04-26 11:34:24.358] [debug] captureImage 0 Success. 0 Success. true
[2025-04-26 11:34:24.901] [info] ----- TRIGGER NO. 137 true
[2025-04-26 11:34:24.988] [debug] Frame ID: 0Status: Complete Size:2464x2056 Format:2180014
[2025-04-26 11:34:24.988] [info] copyBufferToThreadData cId LR bw 2464 bh 2056
[2025-04-26 11:34:25.081] [debug] Saved file /mnt/merged_disk/GURUGRAM-DWARKA_2025-04-26_11-12-13/SECTION-1/pcams/pcam-0000137-LR.jpg
[2025-04-26 11:34:25.153] [debug] captureImage 0 Success. 0 Success. true
[2025-04-26 11:34:25.698] [info] ----- TRIGGER NO. 138 true
[2025-04-26 11:34:25.785] [debug] Frame ID: 0Status: Complete Size:2464x2056 Format:2180014
[2025-04-26 11:34:25.785] [info] copyBufferToThreadData cId LR bw 2464 bh 2056
[2025-04-26 11:34:25.880] [debug] Saved file /mnt/merged_disk/GURUGRAM-DWARKA_2025-04-26_11-12-13/SECTION-1/pcams/pcam-0000138-LR.jpg
[2025-04-26 11:34:25.949] [debug] captureImage 0 Success. 0 Success. true
[2025-04-26 11:34:26.497] [info] ----- TRIGGER NO. 139 true
[2025-04-26 11:34:26.584] [debug] Frame ID: 0Status: Complete Size:2464x2056 Format:2180014
[2025-04-26 11:34:26.584] [info] copyBufferToThreadData cId LR bw 2464 bh 2056
[2025-04-26 11:34:26.674] [debug] Saved file /mnt/merged_disk/GURUGRAM-DWARKA_2025-04-26_11-12-13/SECTION-1/pcams/pcam-0000139-LR.jpg
[2025-04-26 11:34:26.750] [debug] captureImage 0 Success. 0 Success. true
[2025-04-26 11:34:27.300] [info] ----- TRIGGER NO. 140 true
[2025-04-26 11:34:27.387] [debug] Frame ID: 0Status: Complete Size:2464x2056 Format:2180014
[2025-04-26 11:34:27.387] [info] copyBufferToThreadData cId LR bw 2464 bh 2056
[2025-04-26 11:34:27.507] [debug] Saved file /mnt/merged_disk/GURUGRAM-DWARKA_2025-04-26_11-12-13/SECTION-1/pcams/pcam-0000140-LR.jpg
[2025-04-26 11:34:27.551] [debug] captureImage 0 Success. 0 Success. true
[2025-04-26 11:34:28.109] [info] ----- TRIGGER NO. 141 true
[2025-04-26 11:34:28.197] [debug] Frame ID: 0Status: Complete Size:2464x2056 Format:2180014
[2025-04-26 11:34:28.197] [info] copyBufferToThreadData cId LR bw 2464 bh 2056
[2025-04-26 11:34:28.321] [debug] Saved file /mnt/merged_disk/GURUGRAM-DWARKA_2025-04-26_11-12-13/SECTION-1/pcams/pcam-0000141-LR.jpg
[2025-04-26 11:34:28.361] [debug] captureImage 0 Success. 0 Success. true
[2025-04-26 11:34:28.919] [info] ----- TRIGGER NO. 142 true
[2025-04-26 11:34:29.005] [debug] Frame ID: 0Status: Complete Size:2464x2056 Format:2180014
[2025-04-26 11:34:29.005] [info] copyBufferToThreadData cId LR bw 2464 bh 2056
[2025-04-26 11:34:29.094] [debug] Saved file /mnt/merged_disk/GURUGRAM-DWARKA_2025-04-26_11-12-13/SECTION-1/pcams/pcam-0000142-LR.jpg
[2025-04-26 11:34:29.171] [debug] captureImage 0 Success. 0 Success. true
[2025-04-26 11:34:29.732] [info] ----- TRIGGER NO. 143 true
[2025-04-26 11:34:29.819] [debug] Frame ID: 0Status: Complete Size:2464x2056 Format:2180014
[2025-04-26 11:34:29.819] [info] copyBufferToThreadData cId LR bw 2464 bh 2056
[2025-04-26 11:34:29.908] [debug] Saved file /mnt/merged_disk/GURUGRAM-DWARKA_2025-04-26_11-12-13/SECTION-1/pcams/pcam-0000143-LR.jpg
[2025-04-26 11:34:29.984] [debug] captureImage 0 Success. 0 Success. true
[2025-04-26 11:34:30.545] [info] ----- TRIGGER NO. 144 true
[2025-04-26 11:34:30.631] [debug] Frame ID: 0Status: Complete Size:2464x2056 Format:2180014
[2025-04-26 11:34:30.631] [info] copyBufferToThreadData cId LR bw 2464 bh 2056
[2025-04-26 11:34:30.719] [debug] Saved file /mnt/merged_disk/GURUGRAM-DWARKA_2025-04-26_11-12-13/SECTION-1/pcams/pcam-0000144-LR.jpg
[2025-04-26 11:34:30.797] [debug] captureImage 0 Success. 0 Success. true
[2025-04-26 11:34:31.362] [info] ----- TRIGGER NO. 145 true
[2025-04-26 11:34:31.449] [debug] Frame ID: 0Status: Complete Size:2464x2056 Format:2180014
[2025-04-26 11:34:31.449] [info] copyBufferToThreadData cId LR bw 2464 bh 2056
[2025-04-26 11:34:31.538] [debug] Saved file /mnt/merged_disk/GURUGRAM-DWARKA_2025-04-26_11-12-13/SECTION-1/pcams/pcam-0000145-LR.jpg
[2025-04-26 11:34:31.615] [debug] captureImage 0 Success. 0 Success. true
[2025-04-26 11:34:32.186] [info] ----- TRIGGER NO. 146 true
[2025-04-26 11:34:32.274] [debug] Frame ID: 0Status: Complete Size:2464x2056 Format:2180014
[2025-04-26 11:34:32.274] [info] copyBufferToThreadData cId LR bw 2464 bh 2056
[2025-04-26 11:34:32.378] [debug] Saved file /mnt/merged_disk/GURUGRAM-DWARKA_2025-04-26_11-12-13/SECTION-1/pcams/pcam-0000146-LR.jpg
[2025-04-26 11:34:32.438] [debug] captureImage 0 Success. 0 Success. true
[2025-04-26 11:34:33.016] [info] ----- TRIGGER NO. 147 true
[2025-04-26 11:34:33.100] [debug] Frame ID: 0Status: Complete Size:2464x2056 Format:2180014
[2025-04-26 11:34:33.100] [info] copyBufferToThreadData cId LR bw 2464 bh 2056
[2025-04-26 11:34:33.194] [debug] Saved file /mnt/merged_disk/GURUGRAM-DWARKA_2025-04-26_11-12-13/SECTION-1/pcams/pcam-0000147-LR.jpg
[2025-04-26 11:34:33.266] [debug] captureImage 0 Success. 0 Success. true
[2025-04-26 11:34:33.848] [info] ----- TRIGGER NO. 148 true
[2025-04-26 11:34:33.935] [debug] Frame ID: 0Status: Complete Size:2464x2056 Format:2180014
[2025-04-26 11:34:33.935] [info] copyBufferToThreadData cId LR bw 2464 bh 2056
[2025-04-26 11:34:34.038] [debug] Saved file /mnt/merged_disk/GURUGRAM-DWARKA_2025-04-26_11-12-13/SECTION-1/pcams/pcam-0000148-LR.jpg
[2025-04-26 11:34:34.101] [debug] captureImage 0 Success. 0 Success. true
[2025-04-26 11:34:34.687] [info] ----- TRIGGER NO. 149 true
[2025-04-26 11:34:34.774] [debug] Frame ID: 0Status: Complete Size:2464x2056 Format:2180014
[2025-04-26 11:34:34.774] [info] copyBufferToThreadData cId LR bw 2464 bh 2056
[2025-04-26 11:34:34.865] [debug] Saved file /mnt/merged_disk/GURUGRAM-DWARKA_2025-04-26_11-12-13/SECTION-1/pcams/pcam-0000149-LR.jpg
[2025-04-26 11:34:34.939] [debug] captureImage 0 Success. 0 Success. true
[2025-04-26 11:34:35.530] [info] ----- TRIGGER NO. 150 true
[2025-04-26 11:34:35.614] [debug] Frame ID: 0Status: Complete Size:2464x2056 Format:2180014
[2025-04-26 11:34:35.614] [info] copyBufferToThreadData cId LR bw 2464 bh 2056
[2025-04-26 11:34:35.702] [debug] Saved file /mnt/merged_disk/GURUGRAM-DWARKA_2025-04-26_11-12-13/SECTION-1/pcams/pcam-0000150-LR.jpg
[2025-04-26 11:34:35.779] [debug] captureImage 0 Success. 0 Success. true
[2025-04-26 11:34:36.375] [info] ----- TRIGGER NO. 151 true
[2025-04-26 11:34:36.462] [debug] Frame ID: 0Status: Complete Size:2464x2056 Format:2180014
[2025-04-26 11:34:36.462] [info] copyBufferToThreadData cId LR bw 2464 bh 2056
[2025-04-26 11:34:36.554] [debug] Saved file /mnt/merged_disk/GURUGRAM-DWARKA_2025-04-26_11-12-13/SECTION-1/pcams/pcam-0000151-LR.jpg
[2025-04-26 11:34:36.627] [debug] captureImage 0 Success. 0 Success. true
[2025-04-26 11:34:37.222] [info] ----- TRIGGER NO. 152 true
[2025-04-26 11:34:37.308] [debug] Frame ID: 0Status: Complete Size:2464x2056 Format:2180014
[2025-04-26 11:34:37.308] [info] copyBufferToThreadData cId LR bw 2464 bh 2056
[2025-04-26 11:34:37.424] [debug] Saved file /mnt/merged_disk/GURUGRAM-DWARKA_2025-04-26_11-12-13/SECTION-1/pcams/pcam-0000152-LR.jpg
[2025-04-26 11:34:37.473] [debug] captureImage 0 Success. 0 Success. true
[2025-04-26 11:34:38.072] [info] ----- TRIGGER NO. 153 true
[2025-04-26 11:34:38.158] [debug] Frame ID: 0Status: Complete Size:2464x2056 Format:2180014
[2025-04-26 11:34:38.158] [info] copyBufferToThreadData cId LR bw 2464 bh 2056
[2025-04-26 11:34:38.249] [debug] Saved file /mnt/merged_disk/GURUGRAM-DWARKA_2025-04-26_11-12-13/SECTION-1/pcams/pcam-0000153-LR.jpg
[2025-04-26 11:34:38.323] [debug] captureImage 0 Success. 0 Success. true
[2025-04-26 11:34:38.923] [info] ----- TRIGGER NO. 154 true
[2025-04-26 11:34:39.007] [debug] Frame ID: 0Status: Complete Size:2464x2056 Format:2180014
[2025-04-26 11:34:39.007] [info] copyBufferToThreadData cId LR bw 2464 bh 2056
[2025-04-26 11:34:39.121] [debug] Saved file /mnt/merged_disk/GURUGRAM-DWARKA_2025-04-26_11-12-13/SECTION-1/pcams/pcam-0000154-LR.jpg
[2025-04-26 11:34:39.171] [debug] captureImage 0 Success. 0 Success. true
[2025-04-26 11:34:39.774] [info] ----- TRIGGER NO. 155 true
[2025-04-26 11:34:39.861] [debug] Frame ID: 0Status: Complete Size:2464x2056 Format:2180014
[2025-04-26 11:34:39.861] [info] copyBufferToThreadData cId LR bw 2464 bh 2056
[2025-04-26 11:34:39.951] [debug] Saved file /mnt/merged_disk/GURUGRAM-DWARKA_2025-04-26_11-12-13/SECTION-1/pcams/pcam-0000155-LR.jpg
[2025-04-26 11:34:40.026] [debug] captureImage 0 Success. 0 Success. true
[2025-04-26 11:34:40.628] [info] ----- TRIGGER NO. 156 true
[2025-04-26 11:34:40.713] [debug] Frame ID: 0Status: Complete Size:2464x2056 Format:2180014
[2025-04-26 11:34:40.713] [info] copyBufferToThreadData cId LR bw 2464 bh 2056
[2025-04-26 11:34:40.834] [debug] Saved file /mnt/merged_disk/GURUGRAM-DWARKA_2025-04-26_11-12-13/SECTION-1/pcams/pcam-0000156-LR.jpg
[2025-04-26 11:34:40.877] [debug] captureImage 0 Success. 0 Success. true
[2025-04-26 11:34:41.485] [info] ----- TRIGGER NO. 157 true
[2025-04-26 11:34:41.573] [debug] Frame ID: 0Status: Complete Size:2464x2056 Format:2180014
[2025-04-26 11:34:41.573] [info] copyBufferToThreadData cId LR bw 2464 bh 2056
[2025-04-26 11:34:41.692] [debug] Saved file /mnt/merged_disk/GURUGRAM-DWARKA_2025-04-26_11-12-13/SECTION-1/pcams/pcam-0000157-LR.jpg
[2025-04-26 11:34:41.738] [debug] captureImage 0 Success. 0 Success. true
[2025-04-26 11:34:42.344] [info] ----- TRIGGER NO. 158 true
[2025-04-26 11:34:42.433] [debug] Frame ID: 0Status: Complete Size:2464x2056 Format:2180014
[2025-04-26 11:34:42.433] [info] copyBufferToThreadData cId LR bw 2464 bh 2056
[2025-04-26 11:34:42.524] [debug] Saved file /mnt/merged_disk/GURUGRAM-DWARKA_2025-04-26_11-12-13/SECTION-1/pcams/pcam-0000158-LR.jpg
[2025-04-26 11:34:42.599] [debug] captureImage 0 Success. 0 Success. true
[2025-04-26 11:34:43.204] [info] ----- TRIGGER NO. 159 true
[2025-04-26 11:34:43.291] [debug] Frame ID: 0Status: Complete Size:2464x2056 Format:2180014
[2025-04-26 11:34:43.291] [info] copyBufferToThreadData cId LR bw 2464 bh 2056
[2025-04-26 11:34:43.380] [debug] Saved file /mnt/merged_disk/GURUGRAM-DWARKA_2025-04-26_11-12-13/SECTION-1/pcams/pcam-0000159-LR.jpg
[2025-04-26 11:34:43.455] [debug] captureImage 0 Success. 0 Success. true
[2025-04-26 11:34:44.071] [info] ----- TRIGGER NO. 160 true
[2025-04-26 11:34:44.155] [debug] Frame ID: 0Status: Complete Size:2464x2056 Format:2180014
[2025-04-26 11:34:44.155] [info] copyBufferToThreadData cId LR bw 2464 bh 2056
[2025-04-26 11:34:44.246] [debug] Saved file /mnt/merged_disk/GURUGRAM-DWARKA_2025-04-26_11-12-13/SECTION-1/pcams/pcam-0000160-LR.jpg
[2025-04-26 11:34:44.320] [debug] captureImage 0 Success. 0 Success. true
[2025-04-26 11:34:44.945] [info] ----- TRIGGER NO. 161 true
[2025-04-26 11:34:45.031] [debug] Frame ID: 0Status: Complete Size:2464x2056 Format:2180014
[2025-04-26 11:34:45.031] [info] copyBufferToThreadData cId LR bw 2464 bh 2056
[2025-04-26 11:34:45.124] [debug] Saved file /mnt/merged_disk/GURUGRAM-DWARKA_2025-04-26_11-12-13/SECTION-1/pcams/pcam-0000161-LR.jpg
[2025-04-26 11:34:45.195] [debug] captureImage 0 Success. 0 Success. true
[2025-04-26 11:34:45.830] [info] ----- TRIGGER NO. 162 true
[2025-04-26 11:34:45.918] [debug] Frame ID: 0Status: Complete Size:2464x2056 Format:2180014
[2025-04-26 11:34:45.918] [info] copyBufferToThreadData cId LR bw 2464 bh 2056
[2025-04-26 11:34:46.042] [debug] Saved file /mnt/merged_disk/GURUGRAM-DWARKA_2025-04-26_11-12-13/SECTION-1/pcams/pcam-0000162-LR.jpg
[2025-04-26 11:34:46.083] [debug] captureImage 0 Success. 0 Success. true
[2025-04-26 11:34:46.730] [info] ----- TRIGGER NO. 163 true
[2025-04-26 11:34:46.818] [debug] Frame ID: 0Status: Complete Size:2464x2056 Format:2180014
[2025-04-26 11:34:46.818] [info] copyBufferToThreadData cId LR bw 2464 bh 2056
[2025-04-26 11:34:46.943] [debug] Saved file /mnt/merged_disk/GURUGRAM-DWARKA_2025-04-26_11-12-13/SECTION-1/pcams/pcam-0000163-LR.jpg
[2025-04-26 11:34:46.982] [debug] captureImage 0 Success. 0 Success. true
[2025-04-26 11:34:47.643] [info] ----- TRIGGER NO. 164 true
[2025-04-26 11:34:47.728] [debug] Frame ID: 0Status: Complete Size:2464x2056 Format:2180014
[2025-04-26 11:34:47.728] [info] copyBufferToThreadData cId LR bw 2464 bh 2056
[2025-04-26 11:34:47.817] [debug] Saved file /mnt/merged_disk/GURUGRAM-DWARKA_2025-04-26_11-12-13/SECTION-1/pcams/pcam-0000164-LR.jpg
[2025-04-26 11:34:47.894] [debug] captureImage 0 Success. 0 Success. true
[2025-04-26 11:34:48.563] [info] ----- TRIGGER NO. 165 true
[2025-04-26 11:34:48.650] [debug] Frame ID: 0Status: Complete Size:2464x2056 Format:2180014
[2025-04-26 11:34:48.650] [info] copyBufferToThreadData cId LR bw 2464 bh 2056
[2025-04-26 11:34:48.738] [debug] Saved file /mnt/merged_disk/GURUGRAM-DWARKA_2025-04-26_11-12-13/SECTION-1/pcams/pcam-0000165-LR.jpg
[2025-04-26 11:34:48.816] [debug] captureImage 0 Success. 0 Success. true
[2025-04-26 11:34:49.491] [info] ----- TRIGGER NO. 166 true
[2025-04-26 11:34:49.576] [debug] Frame ID: 0Status: Complete Size:2464x2056 Format:2180014
[2025-04-26 11:34:49.576] [info] copyBufferToThreadData cId LR bw 2464 bh 2056
[2025-04-26 11:34:49.724] [debug] Saved file /mnt/merged_disk/GURUGRAM-DWARKA_2025-04-26_11-12-13/SECTION-1/pcams/pcam-0000166-LR.jpg
[2025-04-26 11:34:49.740] [debug] captureImage 0 Success. 0 Success. true
[2025-04-26 11:34:50.422] [info] ----- TRIGGER NO. 167 true
[2025-04-26 11:34:50.508] [debug] Frame ID: 0Status: Complete Size:2464x2056 Format:2180014
[2025-04-26 11:34:50.509] [info] copyBufferToThreadData cId LR bw 2464 bh 2056
[2025-04-26 11:34:50.650] [debug] Saved file /mnt/merged_disk/GURUGRAM-DWARKA_2025-04-26_11-12-13/SECTION-1/pcams/pcam-0000167-LR.jpg
[2025-04-26 11:34:50.673] [debug] captureImage 0 Success. 0 Success. true
[2025-04-26 11:34:51.352] [info] ----- TRIGGER NO. 168 true
[2025-04-26 11:34:51.441] [debug] Frame ID: 0Status: Complete Size:2464x2056 Format:2180014
[2025-04-26 11:34:51.441] [info] copyBufferToThreadData cId LR bw 2464 bh 2056
[2025-04-26 11:34:51.541] [debug] Saved file /mnt/merged_disk/GURUGRAM-DWARKA_2025-04-26_11-12-13/SECTION-1/pcams/pcam-0000168-LR.jpg
[2025-04-26 11:34:51.606] [debug] captureImage 0 Success. 0 Success. true
[2025-04-26 11:34:52.271] [info] ----- TRIGGER NO. 169 true
[2025-04-26 11:34:52.358] [debug] Frame ID: 0Status: Complete Size:2464x2056 Format:2180014
[2025-04-26 11:34:52.358] [info] copyBufferToThreadData cId LR bw 2464 bh 2056
[2025-04-26 11:34:52.450] [debug] Saved file /mnt/merged_disk/GURUGRAM-DWARKA_2025-04-26_11-12-13/SECTION-1/pcams/pcam-0000169-LR.jpg
[2025-04-26 11:34:52.523] [debug] captureImage 0 Success. 0 Success. true
[2025-04-26 11:34:53.176] [info] ----- TRIGGER NO. 170 true
[2025-04-26 11:34:53.261] [debug] Frame ID: 0Status: Complete Size:2464x2056 Format:2180014
[2025-04-26 11:34:53.261] [info] copyBufferToThreadData cId LR bw 2464 bh 2056
[2025-04-26 11:34:53.350] [debug] Saved file /mnt/merged_disk/GURUGRAM-DWARKA_2025-04-26_11-12-13/SECTION-1/pcams/pcam-0000170-LR.jpg
[2025-04-26 11:34:53.426] [debug] captureImage 0 Success. 0 Success. true
[2025-04-26 11:34:54.069] [info] ----- TRIGGER NO. 171 true
[2025-04-26 11:34:54.155] [debug] Frame ID: 0Status: Complete Size:2464x2056 Format:2180014
[2025-04-26 11:34:54.155] [info] copyBufferToThreadData cId LR bw 2464 bh 2056
[2025-04-26 11:34:54.243] [debug] Saved file /mnt/merged_disk/GURUGRAM-DWARKA_2025-04-26_11-12-13/SECTION-1/pcams/pcam-0000171-LR.jpg
[2025-04-26 11:34:54.319] [debug] captureImage 0 Success. 0 Success. true
[2025-04-26 11:34:54.959] [info] ----- TRIGGER NO. 172 true
[2025-04-26 11:34:55.043] [debug] Frame ID: 0Status: Complete Size:2464x2056 Format:2180014
[2025-04-26 11:34:55.043] [info] copyBufferToThreadData cId LR bw 2464 bh 2056
[2025-04-26 11:34:55.134] [debug] Saved file /mnt/merged_disk/GURUGRAM-DWARKA_2025-04-26_11-12-13/SECTION-1/pcams/pcam-0000172-LR.jpg
[2025-04-26 11:34:55.208] [debug] captureImage 0 Success. 0 Success. true
[2025-04-26 11:34:55.851] [info] ----- TRIGGER NO. 173 true
[2025-04-26 11:34:55.938] [debug] Frame ID: 0Status: Complete Size:2464x2056 Format:2180014
[2025-04-26 11:34:55.939] [info] copyBufferToThreadData cId LR bw 2464 bh 2056
[2025-04-26 11:34:56.031] [debug] Saved file /mnt/merged_disk/GURUGRAM-DWARKA_2025-04-26_11-12-13/SECTION-1/pcams/pcam-0000173-LR.jpg
[2025-04-26 11:34:56.102] [debug] captureImage 0 Success. 0 Success. true
[2025-04-26 11:34:56.738] [info] ----- TRIGGER NO. 174 true
[2025-04-26 11:34:56.826] [debug] Frame ID: 0Status: Complete Size:2464x2056 Format:2180014
[2025-04-26 11:34:56.826] [info] copyBufferToThreadData cId LR bw 2464 bh 2056
[2025-04-26 11:34:56.914] [debug] Saved file /mnt/merged_disk/GURUGRAM-DWARKA_2025-04-26_11-12-13/SECTION-1/pcams/pcam-0000174-LR.jpg
[2025-04-26 11:34:56.991] [debug] captureImage 0 Success. 0 Success. true
[2025-04-26 11:34:57.621] [info] ----- TRIGGER NO. 175 true
[2025-04-26 11:34:57.710] [debug] Frame ID: 0Status: Complete Size:2464x2056 Format:2180014
[2025-04-26 11:34:57.710] [info] copyBufferToThreadData cId LR bw 2464 bh 2056
[2025-04-26 11:34:57.823] [debug] Saved file /mnt/merged_disk/GURUGRAM-DWARKA_2025-04-26_11-12-13/SECTION-1/pcams/pcam-0000175-LR.jpg
[2025-04-26 11:34:57.874] [debug] captureImage 0 Success. 0 Success. true
[2025-04-26 11:34:58.497] [info] ----- TRIGGER NO. 176 true
[2025-04-26 11:34:58.583] [debug] Frame ID: 0Status: Complete Size:2464x2056 Format:2180014
[2025-04-26 11:34:58.583] [info] copyBufferToThreadData cId LR bw 2464 bh 2056
[2025-04-26 11:34:58.673] [debug] Saved file /mnt/merged_disk/GURUGRAM-DWARKA_2025-04-26_11-12-13/SECTION-1/pcams/pcam-0000176-LR.jpg
[2025-04-26 11:34:58.747] [debug] captureImage 0 Success. 0 Success. true
[2025-04-26 11:34:59.370] [info] ----- TRIGGER NO. 177 true
[2025-04-26 11:34:59.454] [debug] Frame ID: 0Status: Complete Size:2464x2056 Format:2180014
[2025-04-26 11:34:59.454] [info] copyBufferToThreadData cId LR bw 2464 bh 2056
[2025-04-26 11:34:59.543] [debug] Saved file /mnt/merged_disk/GURUGRAM-DWARKA_2025-04-26_11-12-13/SECTION-1/pcams/pcam-0000177-LR.jpg
[2025-04-26 11:34:59.619] [debug] captureImage 0 Success. 0 Success. true
[2025-04-26 11:35:00.236] [info] ----- TRIGGER NO. 178 true
[2025-04-26 11:35:00.325] [debug] Frame ID: 0Status: Complete Size:2464x2056 Format:2180014
[2025-04-26 11:35:00.325] [info] copyBufferToThreadData cId LR bw 2464 bh 2056
[2025-04-26 11:35:00.414] [debug] Saved file /mnt/merged_disk/GURUGRAM-DWARKA_2025-04-26_11-12-13/SECTION-1/pcams/pcam-0000178-LR.jpg
[2025-04-26 11:35:00.490] [debug] captureImage 0 Success. 0 Success. true
[2025-04-26 11:35:01.095] [info] ----- TRIGGER NO. 179 true
[2025-04-26 11:35:01.182] [debug] Frame ID: 0Status: Complete Size:2464x2056 Format:2180014
[2025-04-26 11:35:01.182] [info] copyBufferToThreadData cId LR bw 2464 bh 2056
[2025-04-26 11:35:01.310] [debug] Saved file /mnt/merged_disk/GURUGRAM-DWARKA_2025-04-26_11-12-13/SECTION-1/pcams/pcam-0000179-LR.jpg
[2025-04-26 11:35:01.348] [debug] captureImage 0 Success. 0 Success. true
[2025-04-26 11:35:01.956] [info] ----- TRIGGER NO. 180 true
[2025-04-26 11:35:02.045] [debug] Frame ID: 0Status: Complete Size:2464x2056 Format:2180014
[2025-04-26 11:35:02.045] [info] copyBufferToThreadData cId LR bw 2464 bh 2056
[2025-04-26 11:35:02.139] [debug] Saved file /mnt/merged_disk/GURUGRAM-DWARKA_2025-04-26_11-12-13/SECTION-1/pcams/pcam-0000180-LR.jpg
[2025-04-26 11:35:02.209] [debug] captureImage 0 Success. 0 Success. true
[2025-04-26 11:35:02.824] [info] ----- TRIGGER NO. 181 true
[2025-04-26 11:35:02.911] [debug] Frame ID: 0Status: Complete Size:2464x2056 Format:2180014
[2025-04-26 11:35:02.911] [info] copyBufferToThreadData cId LR bw 2464 bh 2056
[2025-04-26 11:35:03.053] [debug] Saved file /mnt/merged_disk/GURUGRAM-DWARKA_2025-04-26_11-12-13/SECTION-1/pcams/pcam-0000181-LR.jpg
[2025-04-26 11:35:03.075] [debug] captureImage 0 Success. 0 Success. true
[2025-04-26 11:35:03.692] [info] ----- TRIGGER NO. 182 true
[2025-04-26 11:35:03.777] [debug] Frame ID: 0Status: Complete Size:2464x2056 Format:2180014
[2025-04-26 11:35:03.777] [info] copyBufferToThreadData cId LR bw 2464 bh 2056
[2025-04-26 11:35:03.899] [debug] Saved file /mnt/merged_disk/GURUGRAM-DWARKA_2025-04-26_11-12-13/SECTION-1/pcams/pcam-0000182-LR.jpg
[2025-04-26 11:35:03.944] [debug] captureImage 0 Success. 0 Success. true
[2025-04-26 11:35:04.552] [info] ----- TRIGGER NO. 183 true
[2025-04-26 11:35:04.638] [debug] Frame ID: 0Status: Complete Size:2464x2056 Format:2180014
[2025-04-26 11:35:04.638] [info] copyBufferToThreadData cId LR bw 2464 bh 2056
[2025-04-26 11:35:04.761] [debug] Saved file /mnt/merged_disk/GURUGRAM-DWARKA_2025-04-26_11-12-13/SECTION-1/pcams/pcam-0000183-LR.jpg
[2025-04-26 11:35:04.803] [debug] captureImage 0 Success. 0 Success. true
[2025-04-26 11:35:05.405] [info] ----- TRIGGER NO. 184 true
[2025-04-26 11:35:05.489] [debug] Frame ID: 0Status: Complete Size:2464x2056 Format:2180014
[2025-04-26 11:35:05.489] [info] copyBufferToThreadData cId LR bw 2464 bh 2056
[2025-04-26 11:35:05.609] [debug] Saved file /mnt/merged_disk/GURUGRAM-DWARKA_2025-04-26_11-12-13/SECTION-1/pcams/pcam-0000184-LR.jpg
[2025-04-26 11:35:05.655] [debug] captureImage 0 Success. 0 Success. true
[2025-04-26 11:35:06.249] [info] ----- TRIGGER NO. 185 true
[2025-04-26 11:35:06.337] [debug] Frame ID: 0Status: Complete Size:2464x2056 Format:2180014
[2025-04-26 11:35:06.337] [info] copyBufferToThreadData cId LR bw 2464 bh 2056
[2025-04-26 11:35:06.426] [debug] Saved file /mnt/merged_disk/GURUGRAM-DWARKA_2025-04-26_11-12-13/SECTION-1/pcams/pcam-0000185-LR.jpg
[2025-04-26 11:35:06.502] [debug] captureImage 0 Success. 0 Success. true
[2025-04-26 11:35:07.083] [info] ----- TRIGGER NO. 186 true
[2025-04-26 11:35:07.172] [debug] Frame ID: 0Status: Complete Size:2464x2056 Format:2180014
[2025-04-26 11:35:07.172] [info] copyBufferToThreadData cId LR bw 2464 bh 2056
[2025-04-26 11:35:07.260] [debug] Saved file /mnt/merged_disk/GURUGRAM-DWARKA_2025-04-26_11-12-13/SECTION-1/pcams/pcam-0000186-LR.jpg
[2025-04-26 11:35:07.336] [debug] captureImage 0 Success. 0 Success. true
[2025-04-26 11:35:07.913] [info] ----- TRIGGER NO. 187 true
[2025-04-26 11:35:08.001] [debug] Frame ID: 0Status: Complete Size:2464x2056 Format:2180014
[2025-04-26 11:35:08.001] [info] copyBufferToThreadData cId LR bw 2464 bh 2056
[2025-04-26 11:35:08.089] [debug] Saved file /mnt/merged_disk/GURUGRAM-DWARKA_2025-04-26_11-12-13/SECTION-1/pcams/pcam-0000187-LR.jpg
[2025-04-26 11:35:08.168] [debug] captureImage 0 Success. 0 Success. true
[2025-04-26 11:35:08.738] [info] ----- TRIGGER NO. 188 true
[2025-04-26 11:35:08.826] [debug] Frame ID: 0Status: Complete Size:2464x2056 Format:2180014
[2025-04-26 11:35:08.826] [info] copyBufferToThreadData cId LR bw 2464 bh 2056
[2025-04-26 11:35:08.917] [debug] Saved file /mnt/merged_disk/GURUGRAM-DWARKA_2025-04-26_11-12-13/SECTION-1/pcams/pcam-0000188-LR.jpg
[2025-04-26 11:35:08.990] [debug] captureImage 0 Success. 0 Success. true
[2025-04-26 11:35:09.557] [info] ----- TRIGGER NO. 189 true
[2025-04-26 11:35:09.645] [debug] Frame ID: 0Status: Complete Size:2464x2056 Format:2180014
[2025-04-26 11:35:09.645] [info] copyBufferToThreadData cId LR bw 2464 bh 2056
[2025-04-26 11:35:09.734] [debug] Saved file /mnt/merged_disk/GURUGRAM-DWARKA_2025-04-26_11-12-13/SECTION-1/pcams/pcam-0000189-LR.jpg
[2025-04-26 11:35:09.811] [debug] captureImage 0 Success. 0 Success. true
[2025-04-26 11:35:10.374] [info] ----- TRIGGER NO. 190 true
[2025-04-26 11:35:10.462] [debug] Frame ID: 0Status: Complete Size:2464x2056 Format:2180014
[2025-04-26 11:35:10.462] [info] copyBufferToThreadData cId LR bw 2464 bh 2056
[2025-04-26 11:35:10.552] [debug] Saved file /mnt/merged_disk/GURUGRAM-DWARKA_2025-04-26_11-12-13/SECTION-1/pcams/pcam-0000190-LR.jpg
[2025-04-26 11:35:10.626] [debug] captureImage 0 Success. 0 Success. true
[2025-04-26 11:35:11.198] [info] ----- TRIGGER NO. 191 true
[2025-04-26 11:35:11.284] [debug] Frame ID: 0Status: Complete Size:2464x2056 Format:2180014
[2025-04-26 11:35:11.284] [info] copyBufferToThreadData cId LR bw 2464 bh 2056
[2025-04-26 11:35:11.374] [debug] Saved file /mnt/merged_disk/GURUGRAM-DWARKA_2025-04-26_11-12-13/SECTION-1/pcams/pcam-0000191-LR.jpg
[2025-04-26 11:35:11.448] [debug] captureImage 0 Success. 0 Success. true
[2025-04-26 11:35:12.033] [info] ----- TRIGGER NO. 192 true
[2025-04-26 11:35:12.121] [debug] Frame ID: 0Status: Complete Size:2464x2056 Format:2180014
[2025-04-26 11:35:12.121] [info] copyBufferToThreadData cId LR bw 2464 bh 2056
[2025-04-26 11:35:12.210] [debug] Saved file /mnt/merged_disk/GURUGRAM-DWARKA_2025-04-26_11-12-13/SECTION-1/pcams/pcam-0000192-LR.jpg
[2025-04-26 11:35:12.286] [debug] captureImage 0 Success. 0 Success. true
[2025-04-26 11:35:12.885] [info] ----- TRIGGER NO. 193 true
[2025-04-26 11:35:12.968] [debug] Frame ID: 0Status: Complete Size:2464x2056 Format:2180014
[2025-04-26 11:35:12.968] [info] copyBufferToThreadData cId LR bw 2464 bh 2056
[2025-04-26 11:35:13.055] [debug] Saved file /mnt/merged_disk/GURUGRAM-DWARKA_2025-04-26_11-12-13/SECTION-1/pcams/pcam-0000193-LR.jpg
[2025-04-26 11:35:13.133] [debug] captureImage 0 Success. 0 Success. true
[2025-04-26 11:35:13.754] [info] ----- TRIGGER NO. 194 true
[2025-04-26 11:35:13.839] [debug] Frame ID: 0Status: Complete Size:2464x2056 Format:2180014
[2025-04-26 11:35:13.839] [info] copyBufferToThreadData cId LR bw 2464 bh 2056
[2025-04-26 11:35:13.925] [debug] Saved file /mnt/merged_disk/GURUGRAM-DWARKA_2025-04-26_11-12-13/SECTION-1/pcams/pcam-0000194-LR.jpg
[2025-04-26 11:35:14.004] [debug] captureImage 0 Success. 0 Success. true
[2025-04-26 11:35:14.650] [info] ----- TRIGGER NO. 195 true
[2025-04-26 11:35:14.735] [debug] Frame ID: 0Status: Complete Size:2464x2056 Format:2180014
[2025-04-26 11:35:14.735] [info] copyBufferToThreadData cId LR bw 2464 bh 2056
[2025-04-26 11:35:14.829] [debug] Saved file /mnt/merged_disk/GURUGRAM-DWARKA_2025-04-26_11-12-13/SECTION-1/pcams/pcam-0000195-LR.jpg
[2025-04-26 11:35:14.901] [debug] captureImage 0 Success. 0 Success. true
[2025-04-26 11:35:15.568] [info] ----- TRIGGER NO. 196 true
[2025-04-26 11:35:15.653] [debug] Frame ID: 0Status: Complete Size:2464x2056 Format:2180014
[2025-04-26 11:35:15.653] [info] copyBufferToThreadData cId LR bw 2464 bh 2056
[2025-04-26 11:35:15.738] [debug] Saved file /mnt/merged_disk/GURUGRAM-DWARKA_2025-04-26_11-12-13/SECTION-1/pcams/pcam-0000196-LR.jpg
[2025-04-26 11:35:15.818] [debug] captureImage 0 Success. 0 Success. true
[2025-04-26 11:35:16.510] [info] ----- TRIGGER NO. 197 true
[2025-04-26 11:35:16.595] [debug] Frame ID: 0Status: Complete Size:2464x2056 Format:2180014
[2025-04-26 11:35:16.595] [info] copyBufferToThreadData cId LR bw 2464 bh 2056
[2025-04-26 11:35:16.682] [debug] Saved file /mnt/merged_disk/GURUGRAM-DWARKA_2025-04-26_11-12-13/SECTION-1/pcams/pcam-0000197-LR.jpg
[2025-04-26 11:35:16.759] [debug] captureImage 0 Success. 0 Success. true
[2025-04-26 11:35:17.479] [info] ----- TRIGGER NO. 198 true
[2025-04-26 11:35:17.567] [debug] Frame ID: 0Status: Complete Size:2464x2056 Format:2180014
[2025-04-26 11:35:17.567] [info] copyBufferToThreadData cId LR bw 2464 bh 2056
[2025-04-26 11:35:17.652] [debug] Saved file /mnt/merged_disk/GURUGRAM-DWARKA_2025-04-26_11-12-13/SECTION-1/pcams/pcam-0000198-LR.jpg
[2025-04-26 11:35:17.732] [debug] captureImage 0 Success. 0 Success. true
[2025-04-26 11:35:18.475] [info] ----- TRIGGER NO. 199 true
[2025-04-26 11:35:18.562] [debug] Frame ID: 0Status: Complete Size:2464x2056 Format:2180014
[2025-04-26 11:35:18.562] [info] copyBufferToThreadData cId LR bw 2464 bh 2056
[2025-04-26 11:35:18.651] [debug] Saved file /mnt/merged_disk/GURUGRAM-DWARKA_2025-04-26_11-12-13/SECTION-1/pcams/pcam-0000199-LR.jpg
[2025-04-26 11:35:18.727] [debug] captureImage 0 Success. 0 Success. true
[2025-04-26 11:35:19.500] [info] ----- TRIGGER NO. 200 true
[2025-04-26 11:35:19.587] [debug] Frame ID: 0Status: Complete Size:2464x2056 Format:2180014
[2025-04-26 11:35:19.587] [info] copyBufferToThreadData cId LR bw 2464 bh 2056
[2025-04-26 11:35:19.675] [debug] Saved file /mnt/merged_disk/GURUGRAM-DWARKA_2025-04-26_11-12-13/SECTION-1/pcams/pcam-0000200-LR.jpg
[2025-04-26 11:35:19.751] [debug] captureImage 0 Success. 0 Success. true
[2025-04-26 11:35:20.553] [info] ----- TRIGGER NO. 201 true
[2025-04-26 11:35:20.640] [debug] Frame ID: 0Status: Complete Size:2464x2056 Format:2180014
[2025-04-26 11:35:20.640] [info] copyBufferToThreadData cId LR bw 2464 bh 2056
[2025-04-26 11:35:20.726] [debug] Saved file /mnt/merged_disk/GURUGRAM-DWARKA_2025-04-26_11-12-13/SECTION-1/pcams/pcam-0000201-LR.jpg
[2025-04-26 11:35:20.805] [debug] captureImage 0 Success. 0 Success. true
[2025-04-26 11:35:21.640] [info] ----- TRIGGER NO. 202 true
[2025-04-26 11:35:21.728] [debug] Frame ID: 0Status: Complete Size:2464x2056 Format:2180014
[2025-04-26 11:35:21.728] [info] copyBufferToThreadData cId LR bw 2464 bh 2056
[2025-04-26 11:35:21.819] [debug] Saved file /mnt/merged_disk/GURUGRAM-DWARKA_2025-04-26_11-12-13/SECTION-1/pcams/pcam-0000202-LR.jpg
[2025-04-26 11:35:21.892] [debug] captureImage 0 Success. 0 Success. true
[2025-04-26 11:35:22.832] [info] ----- TRIGGER NO. 203 true
[2025-04-26 11:35:22.919] [debug] Frame ID: 0Status: Complete Size:2464x2056 Format:2180014
[2025-04-26 11:35:22.919] [info] copyBufferToThreadData cId LR bw 2464 bh 2056
[2025-04-26 11:35:23.007] [debug] Saved file /mnt/merged_disk/GURUGRAM-DWARKA_2025-04-26_11-12-13/SECTION-1/pcams/pcam-0000203-LR.jpg
[2025-04-26 11:35:23.084] [debug] captureImage 0 Success. 0 Success. true
[2025-04-26 11:35:24.343] [info] ----- TRIGGER NO. 204 true
[2025-04-26 11:35:24.430] [debug] Frame ID: 0Status: Complete Size:2464x2056 Format:2180014
[2025-04-26 11:35:24.430] [info] copyBufferToThreadData cId LR bw 2464 bh 2056
[2025-04-26 11:35:24.569] [debug] Saved file /mnt/merged_disk/GURUGRAM-DWARKA_2025-04-26_11-12-13/SECTION-1/pcams/pcam-0000204-LR.jpg
[2025-04-26 11:35:24.593] [debug] captureImage 0 Success. 0 Success. true
[2025-04-26 11:35:26.686] [info] ----- TRIGGER NO. 205 true
[2025-04-26 11:35:26.771] [debug] Frame ID: 0Status: Complete Size:2464x2056 Format:2180014
[2025-04-26 11:35:26.771] [info] copyBufferToThreadData cId LR bw 2464 bh 2056
[2025-04-26 11:35:26.857] [debug] Saved file /mnt/merged_disk/GURUGRAM-DWARKA_2025-04-26_11-12-13/SECTION-1/pcams/pcam-0000205-LR.jpg
[2025-04-26 11:35:26.934] [debug] captureImage 0 Success. 0 Success. true
