1745647339184911821	pcam-0000000-RL.jpg
1745647347835424510	pcam-0000001-RL.jpg
1745647350006128643	pcam-0000002-RL.jpg
1745647351765608738	pcam-0000003-RL.jpg
1745647353257236186	pcam-0000004-RL.jpg
1745647354568035655	pcam-0000005-RL.jpg
1745647355900608296	pcam-0000006-RL.jpg
1745647357161746113	pcam-0000007-RL.jpg
1745647358339435333	pcam-0000008-RL.jpg
1745647359464942545	pcam-0000009-RL.jpg
1745647360523865646	pcam-0000010-RL.jpg
1745647361540309663	pcam-0000011-RL.jpg
1745647362523555733	pcam-0000012-RL.jpg
1745647363523697250	pcam-0000013-RL.jpg
1745647364476547986	pcam-0000014-RL.jpg
1745647365375711345	pcam-0000015-RL.jpg
1745647366356460466	pcam-0000016-RL.jpg
1745647367230335498	pcam-0000017-RL.jpg
1745647368132878471	pcam-0000018-RL.jpg
1745647369012128390	pcam-0000019-RL.jpg
1745647369868868597	pcam-0000020-RL.jpg
1745647370713292846	pcam-0000021-RL.jpg
1745647371539658228	pcam-0000022-RL.jpg
1745647372353011161	pcam-0000023-RL.jpg
1745647373154415876	pcam-0000024-RL.jpg
1745647373978839731	pcam-0000025-RL.jpg
1745647374737580676	pcam-0000026-RL.jpg
1745647375514678486	pcam-0000027-RL.jpg
1745647376291657997	pcam-0000028-RL.jpg
1745647377071204949	pcam-0000029-RL.jpg
1745647377892823104	pcam-0000030-RL.jpg
1745647378626383305	pcam-0000031-RL.jpg
1745647379419266672	pcam-0000032-RL.jpg
1745647380216775168	pcam-0000033-RL.jpg
1745647381013029269	pcam-0000034-RL.jpg
1745647381825767956	pcam-0000035-RL.jpg
1745647382641754537	pcam-0000036-RL.jpg
1745647383459286853	pcam-0000037-RL.jpg
1745647384329164418	pcam-0000038-RL.jpg
1745647385155411315	pcam-0000039-RL.jpg
1745647385992993262	pcam-0000040-RL.jpg
1745647386829671738	pcam-0000041-RL.jpg
1745647387613703780	pcam-0000042-RL.jpg
1745647388452161373	pcam-0000043-RL.jpg
1745647389330240746	pcam-0000044-RL.jpg
1745647390143064231	pcam-0000045-RL.jpg
1745647390996876220	pcam-0000046-RL.jpg
1745647391853302174	pcam-0000047-RL.jpg
1745647393579731188	pcam-0000048-RL.jpg
1745647394445885315	pcam-0000049-RL.jpg
1745647395337601947	pcam-0000050-RL.jpg
1745647396214096954	pcam-0000051-RL.jpg
1745647397023333672	pcam-0000052-RL.jpg
1745647397880070381	pcam-0000053-RL.jpg
1745647398737213440	pcam-0000054-RL.jpg
1745647399599890839	pcam-0000055-RL.jpg
1745647400458841234	pcam-0000056-RL.jpg
1745647401322183295	pcam-0000057-RL.jpg
1745647402181720073	pcam-0000058-RL.jpg
1745647403043026579	pcam-0000059-RL.jpg
1745647403902616180	pcam-0000060-RL.jpg
1745647404758474347	pcam-0000061-RL.jpg
1745647405652030999	pcam-0000062-RL.jpg
1745647406491851456	pcam-0000063-RL.jpg
1745647407337267562	pcam-0000064-RL.jpg
1745647408177484100	pcam-0000065-RL.jpg
1745647408996824901	pcam-0000066-RL.jpg
1745647409819110755	pcam-0000067-RL.jpg
1745647410645393609	pcam-0000068-RL.jpg
1745647411470275636	pcam-0000069-RL.jpg
1745647412323721119	pcam-0000070-RL.jpg
1745647413101325106	pcam-0000071-RL.jpg
1745647413918206209	pcam-0000072-RL.jpg
1745647414732679124	pcam-0000073-RL.jpg
1745647415545844678	pcam-0000074-RL.jpg
1745647416384183563	pcam-0000075-RL.jpg
1745647417200972933	pcam-0000076-RL.jpg
1745647417979832191	pcam-0000077-RL.jpg
1745647418796910274	pcam-0000078-RL.jpg
1745647419601681362	pcam-0000079-RL.jpg
1745647420406607100	pcam-0000080-RL.jpg
1745647421214991307	pcam-0000081-RL.jpg
1745647422005343050	pcam-0000082-RL.jpg
1745647422790012740	pcam-0000083-RL.jpg
1745647423577837481	pcam-0000084-RL.jpg
1745647424357337991	pcam-0000085-RL.jpg
1745647425131529387	pcam-0000086-RL.jpg
1745647425906766151	pcam-0000087-RL.jpg
1745647426696763232	pcam-0000088-RL.jpg
1745647427518279904	pcam-0000089-RL.jpg
1745647428274285961	pcam-0000090-RL.jpg
1745647429059437586	pcam-0000091-RL.jpg
1745647429841266784	pcam-0000092-RL.jpg
1745647430623113759	pcam-0000093-RL.jpg
1745647431406191720	pcam-0000094-RL.jpg
1745647432190552506	pcam-0000095-RL.jpg
1745647433018323516	pcam-0000096-RL.jpg
1745647433782676304	pcam-0000097-RL.jpg
1745647434555063940	pcam-0000098-RL.jpg
1745647435309659593	pcam-0000099-RL.jpg
1745647436029083881	pcam-0000100-RL.jpg
1745647436840149652	pcam-0000101-RL.jpg
1745647437582827346	pcam-0000102-RL.jpg
1745647438286650837	pcam-0000103-RL.jpg
1745647439044880680	pcam-0000104-RL.jpg
1745647439811427715	pcam-0000105-RL.jpg
1745647440609473282	pcam-0000106-RL.jpg
1745647441344860548	pcam-0000107-RL.jpg
1745647442115822753	pcam-0000108-RL.jpg
1745647442891790262	pcam-0000109-RL.jpg
1745647443672057466	pcam-0000110-RL.jpg
1745647444458677768	pcam-0000111-RL.jpg
1745647445251391360	pcam-0000112-RL.jpg
1745647446047487075	pcam-0000113-RL.jpg
1745647446847121342	pcam-0000114-RL.jpg
1745647447644853657	pcam-0000115-RL.jpg
1745647448430249876	pcam-0000116-RL.jpg
1745647449212555300	pcam-0000117-RL.jpg
1745647449996529729	pcam-0000118-RL.jpg
1745647450778164106	pcam-0000119-RL.jpg
1745647451561750450	pcam-0000120-RL.jpg
1745647452344766861	pcam-0000121-RL.jpg
1745647453137970835	pcam-0000122-RL.jpg
1745647453925921217	pcam-0000123-RL.jpg
1745647454719693777	pcam-0000124-RL.jpg
1745647455519428530	pcam-0000125-RL.jpg
1745647456316818370	pcam-0000126-RL.jpg
1745647457123160501	pcam-0000127-RL.jpg
1745647457922371070	pcam-0000128-RL.jpg
1745647458775086205	pcam-0000129-RL.jpg
1745647459520356241	pcam-0000130-RL.jpg
1745647460329926552	pcam-0000131-RL.jpg
1745647461163870323	pcam-0000132-RL.jpg
1745647461924464103	pcam-0000133-RL.jpg
1745647462754682962	pcam-0000134-RL.jpg
1745647463545593116	pcam-0000135-RL.jpg
1745647464339482401	pcam-0000136-RL.jpg
1745647465081892194	pcam-0000137-RL.jpg
1745647465932685079	pcam-0000138-RL.jpg
1745647466726318879	pcam-0000139-RL.jpg
1745647467512895936	pcam-0000140-RL.jpg
1745647468324539847	pcam-0000141-RL.jpg
1745647469131510326	pcam-0000142-RL.jpg
1745647469915120177	pcam-0000143-RL.jpg
1745647470764934442	pcam-0000144-RL.jpg
1745647471568930861	pcam-0000145-RL.jpg
1745647472393201559	pcam-0000146-RL.jpg
1745647473221995378	pcam-0000147-RL.jpg
1745647474028725677	pcam-0000148-RL.jpg
1745647474872581257	pcam-0000149-RL.jpg
1745647475712295616	pcam-0000150-RL.jpg
1745647476559656328	pcam-0000151-RL.jpg
1745647477404728603	pcam-0000152-RL.jpg
1745647478256356891	pcam-0000153-RL.jpg
1745647479128075934	pcam-0000154-RL.jpg
1745647480003926666	pcam-0000155-RL.jpg
1745647480833141007	pcam-0000156-RL.jpg
1745647481671005485	pcam-0000157-RL.jpg
1745647482549619637	pcam-0000158-RL.jpg
1745647483438545695	pcam-0000159-RL.jpg
1745647484264254920	pcam-0000160-RL.jpg
1745647485127597234	pcam-0000161-RL.jpg
1745647486011604000	pcam-0000162-RL.jpg
1745647486965169411	pcam-0000163-RL.jpg
1745647487819100569	pcam-0000164-RL.jpg
1745647488740698830	pcam-0000165-RL.jpg
1745647489672998466	pcam-0000166-RL.jpg
1745647490601912261	pcam-0000167-RL.jpg
1745647491537187874	pcam-0000168-RL.jpg
1745647492453425774	pcam-0000169-RL.jpg
1745647493357497619	pcam-0000170-RL.jpg
1745647494281920381	pcam-0000171-RL.jpg
1745647495151419782	pcam-0000172-RL.jpg
1745647496061833817	pcam-0000173-RL.jpg
1745647496940805756	pcam-0000174-RL.jpg
1745647497802591420	pcam-0000175-RL.jpg
1745647498733140068	pcam-0000176-RL.jpg
1745647499602207554	pcam-0000177-RL.jpg
1745647500467579632	pcam-0000178-RL.jpg
1745647501278241350	pcam-0000179-RL.jpg
1745647502141047903	pcam-0000180-RL.jpg
1745647503009322358	pcam-0000181-RL.jpg
1745647503897081373	pcam-0000182-RL.jpg
1745647504766612790	pcam-0000183-RL.jpg
1745647505587592133	pcam-0000184-RL.jpg
1745647506430783717	pcam-0000185-RL.jpg
1745647507274989080	pcam-0000186-RL.jpg
1745647508148146779	pcam-0000187-RL.jpg
1745647508921070504	pcam-0000188-RL.jpg
1745647509739555642	pcam-0000189-RL.jpg
1745647510558141953	pcam-0000190-RL.jpg
1745647511375658675	pcam-0000191-RL.jpg
1745647512216059452	pcam-0000192-RL.jpg
1745647513066722345	pcam-0000193-RL.jpg
1745647513935512152	pcam-0000194-RL.jpg
1745647514877439007	pcam-0000195-RL.jpg
1745647515752024449	pcam-0000196-RL.jpg
1745647516696757526	pcam-0000197-RL.jpg
1745647517665267894	pcam-0000198-RL.jpg
1745647518692954773	pcam-0000199-RL.jpg
1745647519681926092	pcam-0000200-RL.jpg
1745647520734022663	pcam-0000201-RL.jpg
1745647521825838650	pcam-0000202-RL.jpg
1745647523011794179	pcam-0000203-RL.jpg
1745647524524446046	pcam-0000204-RL.jpg
1745647526907143100	pcam-0000205-RL.jpg
