1745647339190330434	pcam-0000000-RR.jpg
1745647347838026567	pcam-0000001-RR.jpg
1745647349973181490	pcam-0000002-RR.jpg
1745647351799970741	pcam-0000003-RR.jpg
1745647353281941320	pcam-0000004-RR.jpg
1745647354566099923	pcam-0000005-RR.jpg
1745647355898620218	pcam-0000006-RR.jpg
1745647357164607752	pcam-0000007-RR.jpg
1745647358344629300	pcam-0000008-RR.jpg
1745647359464853941	pcam-0000009-RR.jpg
1745647360526256737	pcam-0000010-RR.jpg
1745647361579931007	pcam-0000011-RR.jpg
1745647362550642917	pcam-0000012-RR.jpg
1745647363499517280	pcam-0000013-RR.jpg
1745647364428036300	pcam-0000014-RR.jpg
1745647365430427397	pcam-0000015-RR.jpg
1745647366357799704	pcam-0000016-RR.jpg
1745647367236114083	pcam-0000017-RR.jpg
1745647368135590723	pcam-0000018-RR.jpg
1745647369017552063	pcam-0000019-RR.jpg
1745647369870737493	pcam-0000020-RR.jpg
1745647370713794527	pcam-0000021-RR.jpg
1745647371542995892	pcam-0000022-RR.jpg
1745647372355701489	pcam-0000023-RR.jpg
1745647373192441099	pcam-0000024-RR.jpg
1745647373956351039	pcam-0000025-RR.jpg
1745647374740510072	pcam-0000026-RR.jpg
1745647375517502058	pcam-0000027-RR.jpg
1745647376292334319	pcam-0000028-RR.jpg
1745647377071365103	pcam-0000029-RR.jpg
1745647377893626266	pcam-0000030-RR.jpg
1745647378632153673	pcam-0000031-RR.jpg
1745647379421527950	pcam-0000032-RR.jpg
1745647380244680854	pcam-0000033-RR.jpg
1745647381038024747	pcam-0000034-RR.jpg
1745647381849768115	pcam-0000035-RR.jpg
1745647382664820790	pcam-0000036-RR.jpg
1745647383462703790	pcam-0000037-RR.jpg
1745647384329650247	pcam-0000038-RR.jpg
1745647385115113178	pcam-0000039-RR.jpg
1745647385948431116	pcam-0000040-RR.jpg
1745647386783648822	pcam-0000041-RR.jpg
1745647387660197919	pcam-0000042-RR.jpg
1745647388448657977	pcam-0000043-RR.jpg
1745647389293627509	pcam-0000044-RR.jpg
1745647390147389141	pcam-0000045-RR.jpg
1745647391046818912	pcam-0000046-RR.jpg
1745647391905855760	pcam-0000047-RR.jpg
1745647393583350151	pcam-0000048-RR.jpg
1745647394448895489	pcam-0000049-RR.jpg
1745647395306746684	pcam-0000050-RR.jpg
1745647396164953999	pcam-0000051-RR.jpg
1745647397021491043	pcam-0000052-RR.jpg
1745647397883085513	pcam-0000053-RR.jpg
1745647398738446403	pcam-0000054-RR.jpg
1745647399595741948	pcam-0000055-RR.jpg
1745647400456167390	pcam-0000056-RR.jpg
1745647401321207960	pcam-0000057-RR.jpg
1745647402182516013	pcam-0000058-RR.jpg
1745647403045427962	pcam-0000059-RR.jpg
1745647403902598549	pcam-0000060-RR.jpg
1745647404759657825	pcam-0000061-RR.jpg
1745647405652128216	pcam-0000062-RR.jpg
1745647406457499692	pcam-0000063-RR.jpg
1745647407303399601	pcam-0000064-RR.jpg
1745647408144153609	pcam-0000065-RR.jpg
1745647409032791725	pcam-0000066-RR.jpg
1745647409861844251	pcam-0000067-RR.jpg
1745647410646114222	pcam-0000068-RR.jpg
1745647411470886588	pcam-0000069-RR.jpg
1745647412323463439	pcam-0000070-RR.jpg
1745647413102975311	pcam-0000071-RR.jpg
1745647413919611352	pcam-0000072-RR.jpg
1745647414730706648	pcam-0000073-RR.jpg
1745647415551058910	pcam-0000074-RR.jpg
1745647416355847435	pcam-0000075-RR.jpg
1745647417165134584	pcam-0000076-RR.jpg
1745647418006942347	pcam-0000077-RR.jpg
1745647418820426153	pcam-0000078-RR.jpg
1745647419633214249	pcam-0000079-RR.jpg
1745647420414929642	pcam-0000080-RR.jpg
1745647421217958567	pcam-0000081-RR.jpg
1745647422005563155	pcam-0000082-RR.jpg
1745647422791408939	pcam-0000083-RR.jpg
1745647423572798589	pcam-0000084-RR.jpg
1745647424349352576	pcam-0000085-RR.jpg
1745647425133334003	pcam-0000086-RR.jpg
1745647425909074878	pcam-0000087-RR.jpg
1745647426699031922	pcam-0000088-RR.jpg
1745647427485230952	pcam-0000089-RR.jpg
1745647428308816708	pcam-0000090-RR.jpg
1745647429091378083	pcam-0000091-RR.jpg
1745647429842095146	pcam-0000092-RR.jpg
1745647430627808817	pcam-0000093-RR.jpg
1745647431411133599	pcam-0000094-RR.jpg
1745647432192204540	pcam-0000095-RR.jpg
1745647433019678471	pcam-0000096-RR.jpg
1745647433784190628	pcam-0000097-RR.jpg
1745647434556420987	pcam-0000098-RR.jpg
1745647435307008162	pcam-0000099-RR.jpg
1745647436027250743	pcam-0000100-RR.jpg
1745647436840149658	pcam-0000101-RR.jpg
1745647437583583781	pcam-0000102-RR.jpg
1745647438292297318	pcam-0000103-RR.jpg
1745647439046032286	pcam-0000104-RR.jpg
1745647439812841648	pcam-0000105-RR.jpg
1745647440581639927	pcam-0000106-RR.jpg
1745647441349023792	pcam-0000107-RR.jpg
1745647442113489084	pcam-0000108-RR.jpg
1745647442890234166	pcam-0000109-RR.jpg
1745647443669426381	pcam-0000110-RR.jpg
1745647444460527999	pcam-0000111-RR.jpg
1745647445251396186	pcam-0000112-RR.jpg
1745647446047010674	pcam-0000113-RR.jpg
1745647446890877722	pcam-0000114-RR.jpg
1745647447681397041	pcam-0000115-RR.jpg
1745647448428812668	pcam-0000116-RR.jpg
1745647449210773319	pcam-0000117-RR.jpg
1745647450048719453	pcam-0000118-RR.jpg
1745647450825842881	pcam-0000119-RR.jpg
1745647451561725430	pcam-0000120-RR.jpg
1745647452395564810	pcam-0000121-RR.jpg
1745647453137730811	pcam-0000122-RR.jpg
1745647453925973830	pcam-0000123-RR.jpg
1745647454713245386	pcam-0000124-RR.jpg
1745647455567070534	pcam-0000125-RR.jpg
1745647456362433878	pcam-0000126-RR.jpg
1745647457146234252	pcam-0000127-RR.jpg
1745647457944630573	pcam-0000128-RR.jpg
1745647458735262385	pcam-0000129-RR.jpg
1745647459557380150	pcam-0000130-RR.jpg
1745647460333645679	pcam-0000131-RR.jpg
1745647461119438707	pcam-0000132-RR.jpg
1745647461915715444	pcam-0000133-RR.jpg
1745647462755334525	pcam-0000134-RR.jpg
1745647463490864712	pcam-0000135-RR.jpg
1745647464336941914	pcam-0000136-RR.jpg
1745647465078374219	pcam-0000137-RR.jpg
1745647465927213228	pcam-0000138-RR.jpg
1745647466726147691	pcam-0000139-RR.jpg
1745647467473026560	pcam-0000140-RR.jpg
1745647468286320679	pcam-0000141-RR.jpg
1745647469132408969	pcam-0000142-RR.jpg
1745647469947810991	pcam-0000143-RR.jpg
1745647470761773951	pcam-0000144-RR.jpg
1745647471538464143	pcam-0000145-RR.jpg
1745647472366592684	pcam-0000146-RR.jpg
1745647473194869238	pcam-0000147-RR.jpg
1745647474053540421	pcam-0000148-RR.jpg
1745647474893374601	pcam-0000149-RR.jpg
1745647475709561026	pcam-0000150-RR.jpg
1745647476556526575	pcam-0000151-RR.jpg
1745647477400293565	pcam-0000152-RR.jpg
1745647478253263110	pcam-0000153-RR.jpg
1745647479102449870	pcam-0000154-RR.jpg
1745647479975829247	pcam-0000155-RR.jpg
1745647480869267571	pcam-0000156-RR.jpg
1745647481670103607	pcam-0000157-RR.jpg
1745647482526591232	pcam-0000158-RR.jpg
1745647483437951593	pcam-0000159-RR.jpg
1745647484253693616	pcam-0000160-RR.jpg
1745647485126458224	pcam-0000161-RR.jpg
1745647486006693138	pcam-0000162-RR.jpg
1745647486907238223	pcam-0000163-RR.jpg
1745647487853222648	pcam-0000164-RR.jpg
1745647488742880717	pcam-0000165-RR.jpg
1745647489671918704	pcam-0000166-RR.jpg
1745647490653173325	pcam-0000167-RR.jpg
1745647491533583923	pcam-0000168-RR.jpg
1745647492452669455	pcam-0000169-RR.jpg
1745647493389521349	pcam-0000170-RR.jpg
1745647494245889300	pcam-0000171-RR.jpg
1745647495141295221	pcam-0000172-RR.jpg
1745647496035679193	pcam-0000173-RR.jpg
1745647496920842892	pcam-0000174-RR.jpg
1745647497837249177	pcam-0000175-RR.jpg
1745647498731917061	pcam-0000176-RR.jpg
1745647499601297237	pcam-0000177-RR.jpg
1745647500467579776	pcam-0000178-RR.jpg
1745647501316475105	pcam-0000179-RR.jpg
1745647502144260311	pcam-0000180-RR.jpg
1745647503055140583	pcam-0000181-RR.jpg
1745647503871704471	pcam-0000182-RR.jpg
1745647504730547448	pcam-0000183-RR.jpg
1745647505583022452	pcam-0000184-RR.jpg
1745647506428747452	pcam-0000185-RR.jpg
1745647507277294040	pcam-0000186-RR.jpg
1745647508148021670	pcam-0000187-RR.jpg
1745647508927369488	pcam-0000188-RR.jpg
1745647509743810482	pcam-0000189-RR.jpg
1745647510557717333	pcam-0000190-RR.jpg
1745647511425004362	pcam-0000191-RR.jpg
1745647512263727824	pcam-0000192-RR.jpg
1745647513099324578	pcam-0000193-RR.jpg
1745647513957185357	pcam-0000194-RR.jpg
1745647514829235417	pcam-0000195-RR.jpg
1745647515781571419	pcam-0000196-RR.jpg
1745647516724622685	pcam-0000197-RR.jpg
1745647517691557098	pcam-0000198-RR.jpg
1745647518656009288	pcam-0000199-RR.jpg
1745647519682036198	pcam-0000200-RR.jpg
1745647520768438334	pcam-0000201-RR.jpg
1745647521825801688	pcam-0000202-RR.jpg
1745647523008470131	pcam-0000203-RR.jpg
1745647524520428923	pcam-0000204-RR.jpg
1745647526866997619	pcam-0000205-RR.jpg
